GAS LISTING C:\Users\kasie\AppData\Local\Temp\ccjb8U7Y.s 			page 1


   1              		.file	"fstat.c"
   2              		.option nopic
   3              		.attribute arch, "rv32i2p0_m2p0_a2p0_c2p0"
   4              		.attribute unaligned_access, 0
   5              		.attribute stack_align, 16
   6              		.text
   7              	.Ltext0:
   8              		.cfi_sections	.debug_frame
   9              		.section	.text._fstat,"ax",@progbits
  10              		.align	1
  11              		.globl	_fstat
  13              	_fstat:
  14              	.LFB1:
  15              		.file 1 "./../../firmware/RISCV/stubs/fstat.c"
   1:./../../firmware/RISCV/stubs/fstat.c **** /* See LICENSE of license details. */
   2:./../../firmware/RISCV/stubs/fstat.c **** 
   3:./../../firmware/RISCV/stubs/fstat.c **** #include <errno.h>
   4:./../../firmware/RISCV/stubs/fstat.c **** #include <unistd.h>
   5:./../../firmware/RISCV/stubs/fstat.c **** #include <sys/stat.h>
   6:./../../firmware/RISCV/stubs/fstat.c **** #include "stub.h"
   7:./../../firmware/RISCV/stubs/fstat.c **** 
   8:./../../firmware/RISCV/stubs/fstat.c **** int _fstat(int fd, struct stat* st)
   9:./../../firmware/RISCV/stubs/fstat.c **** {
  16              		.loc 1 9 1
  17              		.cfi_startproc
  18              	.LVL0:
  10:./../../firmware/RISCV/stubs/fstat.c ****   if (isatty(fd)) {
  19              		.loc 1 10 3
   9:./../../firmware/RISCV/stubs/fstat.c ****   if (isatty(fd)) {
  20              		.loc 1 9 1 is_stmt 0
  21 0000 0111     		addi	sp,sp,-32
  22              	.LCFI0:
  23              		.cfi_def_cfa_offset 32
  24 0002 06CE     		sw	ra,28(sp)
  25              		.cfi_offset 1, -4
   9:./../../firmware/RISCV/stubs/fstat.c ****   if (isatty(fd)) {
  26              		.loc 1 9 1
  27 0004 2EC6     		sw	a1,12(sp)
  28              		.loc 1 10 7
  29 0006 97000000 		call	isatty
  29      E7800000 
  30              	.LVL1:
  31              		.loc 1 10 6
  32 000e 01C9     		beq	a0,zero,.L3
  11:./../../firmware/RISCV/stubs/fstat.c ****     st->st_mode = S_IFCHR;
  33              		.loc 1 11 5 is_stmt 1
  34              		.loc 1 11 17 is_stmt 0
  35 0010 B245     		lw	a1,12(sp)
  36 0012 8967     		li	a5,8192
  12:./../../firmware/RISCV/stubs/fstat.c ****     return 0;
  37              		.loc 1 12 12
  38 0014 0145     		li	a0,0
  11:./../../firmware/RISCV/stubs/fstat.c ****     st->st_mode = S_IFCHR;
  39              		.loc 1 11 17
  40 0016 DCC1     		sw	a5,4(a1)
  41              		.loc 1 12 5 is_stmt 1
  42              	.L1:
GAS LISTING C:\Users\kasie\AppData\Local\Temp\ccjb8U7Y.s 			page 2


  13:./../../firmware/RISCV/stubs/fstat.c ****   }
  14:./../../firmware/RISCV/stubs/fstat.c **** 
  15:./../../firmware/RISCV/stubs/fstat.c ****   return _stub(EBADF);
  16:./../../firmware/RISCV/stubs/fstat.c **** }
  43              		.loc 1 16 1 is_stmt 0
  44 0018 F240     		lw	ra,28(sp)
  45              		.cfi_remember_state
  46              		.cfi_restore 1
  47 001a 0561     		addi	sp,sp,32
  48              	.LCFI1:
  49              		.cfi_def_cfa_offset 0
  50              	.LVL2:
  51 001c 8280     		jr	ra
  52              	.LVL3:
  53              	.L3:
  54              	.LCFI2:
  55              		.cfi_restore_state
  15:./../../firmware/RISCV/stubs/fstat.c **** }
  56              		.loc 1 15 10
  57 001e 7D55     		li	a0,-1
  58 0020 E5BF     		j	.L1
  59              		.cfi_endproc
  60              	.LFE1:
  62              		.text
  63              	.Letext0:
  64              		.file 2 "c:\\hukas\\code\\repositories\\toolchain-gd32v-v202-win\\compiler\\lib\\gcc\\riscv64-unkn
  65              		.file 3 "c:\\hukas\\code\\repositories\\toolchain-gd32v-v202-win\\compiler\\riscv64-unknown-elf\\i
  66              		.file 4 "c:\\hukas\\code\\repositories\\toolchain-gd32v-v202-win\\compiler\\riscv64-unknown-elf\\i
  67              		.file 5 "c:\\hukas\\code\\repositories\\toolchain-gd32v-v202-win\\compiler\\riscv64-unknown-elf\\i
  68              		.file 6 "c:\\hukas\\code\\repositories\\toolchain-gd32v-v202-win\\compiler\\riscv64-unknown-elf\\i
  69              		.file 7 "c:\\hukas\\code\\repositories\\toolchain-gd32v-v202-win\\compiler\\riscv64-unknown-elf\\i
  70              		.file 8 "c:\\hukas\\code\\repositories\\toolchain-gd32v-v202-win\\compiler\\riscv64-unknown-elf\\i
  71              		.file 9 "c:\\hukas\\code\\repositories\\toolchain-gd32v-v202-win\\compiler\\riscv64-unknown-elf\\i
  72              		.file 10 "c:\\hukas\\code\\repositories\\toolchain-gd32v-v202-win\\compiler\\riscv64-unknown-elf\\
  73              		.file 11 "c:\\hukas\\code\\repositories\\toolchain-gd32v-v202-win\\compiler\\riscv64-unknown-elf\\
  74              		.file 12 "c:\\hukas\\code\\repositories\\toolchain-gd32v-v202-win\\compiler\\riscv64-unknown-elf\\
  75              		.file 13 "./../../firmware/RISCV/stubs/stub.h"
GAS LISTING C:\Users\kasie\AppData\Local\Temp\ccjb8U7Y.s 			page 3


DEFINED SYMBOLS
                            *ABS*:0000000000000000 fstat.c
C:\Users\kasie\AppData\Local\Temp\ccjb8U7Y.s:13     .text._fstat:0000000000000000 _fstat
C:\Users\kasie\AppData\Local\Temp\ccjb8U7Y.s:17     .text._fstat:0000000000000000 .L0 
C:\Users\kasie\AppData\Local\Temp\ccjb8U7Y.s:19     .text._fstat:0000000000000000 .L0 
C:\Users\kasie\AppData\Local\Temp\ccjb8U7Y.s:20     .text._fstat:0000000000000000 .L0 
C:\Users\kasie\AppData\Local\Temp\ccjb8U7Y.s:21     .text._fstat:0000000000000000 .L0 
C:\Users\kasie\AppData\Local\Temp\ccjb8U7Y.s:23     .text._fstat:0000000000000002 .L0 
C:\Users\kasie\AppData\Local\Temp\ccjb8U7Y.s:25     .text._fstat:0000000000000004 .L0 
C:\Users\kasie\AppData\Local\Temp\ccjb8U7Y.s:27     .text._fstat:0000000000000004 .L0 
C:\Users\kasie\AppData\Local\Temp\ccjb8U7Y.s:29     .text._fstat:0000000000000006 .L0 
C:\Users\kasie\AppData\Local\Temp\ccjb8U7Y.s:32     .text._fstat:000000000000000e .L0 
C:\Users\kasie\AppData\Local\Temp\ccjb8U7Y.s:34     .text._fstat:0000000000000010 .L0 
C:\Users\kasie\AppData\Local\Temp\ccjb8U7Y.s:35     .text._fstat:0000000000000010 .L0 
C:\Users\kasie\AppData\Local\Temp\ccjb8U7Y.s:38     .text._fstat:0000000000000014 .L0 
C:\Users\kasie\AppData\Local\Temp\ccjb8U7Y.s:40     .text._fstat:0000000000000016 .L0 
C:\Users\kasie\AppData\Local\Temp\ccjb8U7Y.s:43     .text._fstat:0000000000000018 .L0 
C:\Users\kasie\AppData\Local\Temp\ccjb8U7Y.s:44     .text._fstat:0000000000000018 .L0 
C:\Users\kasie\AppData\Local\Temp\ccjb8U7Y.s:45     .text._fstat:000000000000001a .L0 
C:\Users\kasie\AppData\Local\Temp\ccjb8U7Y.s:46     .text._fstat:000000000000001a .L0 
C:\Users\kasie\AppData\Local\Temp\ccjb8U7Y.s:49     .text._fstat:000000000000001c .L0 
C:\Users\kasie\AppData\Local\Temp\ccjb8U7Y.s:55     .text._fstat:000000000000001e .L0 
C:\Users\kasie\AppData\Local\Temp\ccjb8U7Y.s:57     .text._fstat:000000000000001e .L0 
C:\Users\kasie\AppData\Local\Temp\ccjb8U7Y.s:59     .text._fstat:0000000000000022 .L0 
C:\Users\kasie\AppData\Local\Temp\ccjb8U7Y.s:62     .text._fstat:0000000000000022 .L0 
                     .debug_frame:0000000000000000 .L0 
C:\Users\kasie\AppData\Local\Temp\ccjb8U7Y.s:53     .text._fstat:000000000000001e .L3
C:\Users\kasie\AppData\Local\Temp\ccjb8U7Y.s:42     .text._fstat:0000000000000018 .L1
C:\Users\kasie\AppData\Local\Temp\ccjb8U7Y.s:1932   .debug_abbrev:0000000000000000 .Ldebug_abbrev0
C:\Users\kasie\AppData\Local\Temp\ccjb8U7Y.s:2840   .debug_str:00000000000005a7 .LASF170
C:\Users\kasie\AppData\Local\Temp\ccjb8U7Y.s:2734   .debug_str:00000000000003b1 .LASF171
C:\Users\kasie\AppData\Local\Temp\ccjb8U7Y.s:2574   .debug_str:0000000000000099 .LASF172
C:\Users\kasie\AppData\Local\Temp\ccjb8U7Y.s:2536   .debug_ranges:0000000000000000 .Ldebug_ranges0
C:\Users\kasie\AppData\Local\Temp\ccjb8U7Y.s:2542   .debug_line:0000000000000000 .Ldebug_line0
C:\Users\kasie\AppData\Local\Temp\ccjb8U7Y.s:2672   .debug_str:000000000000029f .LASF0
C:\Users\kasie\AppData\Local\Temp\ccjb8U7Y.s:2694   .debug_str:00000000000002fe .LASF1
C:\Users\kasie\AppData\Local\Temp\ccjb8U7Y.s:2594   .debug_str:000000000000013b .LASF2
C:\Users\kasie\AppData\Local\Temp\ccjb8U7Y.s:2728   .debug_str:0000000000000397 .LASF3
C:\Users\kasie\AppData\Local\Temp\ccjb8U7Y.s:2708   .debug_str:0000000000000349 .LASF8
C:\Users\kasie\AppData\Local\Temp\ccjb8U7Y.s:2596   .debug_str:0000000000000149 .LASF4
C:\Users\kasie\AppData\Local\Temp\ccjb8U7Y.s:2756   .debug_str:0000000000000436 .LASF5
C:\Users\kasie\AppData\Local\Temp\ccjb8U7Y.s:2764   .debug_str:0000000000000459 .LASF6
C:\Users\kasie\AppData\Local\Temp\ccjb8U7Y.s:2616   .debug_str:00000000000001a2 .LASF7
C:\Users\kasie\AppData\Local\Temp\ccjb8U7Y.s:2648   .debug_str:0000000000000235 .LASF9
C:\Users\kasie\AppData\Local\Temp\ccjb8U7Y.s:2682   .debug_str:00000000000002cc .LASF10
C:\Users\kasie\AppData\Local\Temp\ccjb8U7Y.s:2572   .debug_str:0000000000000082 .LASF11
C:\Users\kasie\AppData\Local\Temp\ccjb8U7Y.s:2584   .debug_str:0000000000000107 .LASF12
C:\Users\kasie\AppData\Local\Temp\ccjb8U7Y.s:2614   .debug_str:0000000000000197 .LASF13
C:\Users\kasie\AppData\Local\Temp\ccjb8U7Y.s:2740   .debug_str:00000000000003e7 .LASF14
C:\Users\kasie\AppData\Local\Temp\ccjb8U7Y.s:2742   .debug_str:00000000000003f3 .LASF15
C:\Users\kasie\AppData\Local\Temp\ccjb8U7Y.s:2660   .debug_str:000000000000026e .LASF16
C:\Users\kasie\AppData\Local\Temp\ccjb8U7Y.s:2832   .debug_str:0000000000000584 .LASF17
C:\Users\kasie\AppData\Local\Temp\ccjb8U7Y.s:2548   .debug_str:0000000000000014 .LASF18
C:\Users\kasie\AppData\Local\Temp\ccjb8U7Y.s:2804   .debug_str:0000000000000517 .LASF19
C:\Users\kasie\AppData\Local\Temp\ccjb8U7Y.s:2600   .debug_str:000000000000015b .LASF20
C:\Users\kasie\AppData\Local\Temp\ccjb8U7Y.s:2546   .debug_str:000000000000000c .LASF21
C:\Users\kasie\AppData\Local\Temp\ccjb8U7Y.s:2816   .debug_str:0000000000000547 .LASF22
GAS LISTING C:\Users\kasie\AppData\Local\Temp\ccjb8U7Y.s 			page 4


C:\Users\kasie\AppData\Local\Temp\ccjb8U7Y.s:2862   .debug_str:0000000000000691 .LASF23
C:\Users\kasie\AppData\Local\Temp\ccjb8U7Y.s:2704   .debug_str:000000000000033b .LASF24
C:\Users\kasie\AppData\Local\Temp\ccjb8U7Y.s:2674   .debug_str:00000000000002ac .LASF25
C:\Users\kasie\AppData\Local\Temp\ccjb8U7Y.s:2808   .debug_str:0000000000000525 .LASF26
C:\Users\kasie\AppData\Local\Temp\ccjb8U7Y.s:2810   .debug_str:000000000000052d .LASF27
C:\Users\kasie\AppData\Local\Temp\ccjb8U7Y.s:2776   .debug_str:000000000000048c .LASF28
C:\Users\kasie\AppData\Local\Temp\ccjb8U7Y.s:2890   .debug_str:000000000000070e .LASF29
C:\Users\kasie\AppData\Local\Temp\ccjb8U7Y.s:2846   .debug_str:000000000000063d .LASF30
C:\Users\kasie\AppData\Local\Temp\ccjb8U7Y.s:2752   .debug_str:000000000000041b .LASF31
C:\Users\kasie\AppData\Local\Temp\ccjb8U7Y.s:2652   .debug_str:0000000000000246 .LASF32
C:\Users\kasie\AppData\Local\Temp\ccjb8U7Y.s:2656   .debug_str:0000000000000257 .LASF37
C:\Users\kasie\AppData\Local\Temp\ccjb8U7Y.s:2834   .debug_str:000000000000058c .LASF33
C:\Users\kasie\AppData\Local\Temp\ccjb8U7Y.s:2800   .debug_str:0000000000000508 .LASF34
C:\Users\kasie\AppData\Local\Temp\ccjb8U7Y.s:2650   .debug_str:0000000000000240 .LASF35
C:\Users\kasie\AppData\Local\Temp\ccjb8U7Y.s:2856   .debug_str:000000000000067c .LASF36
C:\Users\kasie\AppData\Local\Temp\ccjb8U7Y.s:2670   .debug_str:000000000000029a .LASF38
C:\Users\kasie\AppData\Local\Temp\ccjb8U7Y.s:2590   .debug_str:000000000000012d .LASF39
C:\Users\kasie\AppData\Local\Temp\ccjb8U7Y.s:2826   .debug_str:000000000000056e .LASF40
C:\Users\kasie\AppData\Local\Temp\ccjb8U7Y.s:2604   .debug_str:000000000000016a .LASF41
C:\Users\kasie\AppData\Local\Temp\ccjb8U7Y.s:2894   .debug_str:0000000000000721 .LASF42
C:\Users\kasie\AppData\Local\Temp\ccjb8U7Y.s:2736   .debug_str:00000000000003d6 .LASF43
C:\Users\kasie\AppData\Local\Temp\ccjb8U7Y.s:2722   .debug_str:000000000000037d .LASF44
C:\Users\kasie\AppData\Local\Temp\ccjb8U7Y.s:2858   .debug_str:0000000000000681 .LASF45
C:\Users\kasie\AppData\Local\Temp\ccjb8U7Y.s:2766   .debug_str:0000000000000463 .LASF46
C:\Users\kasie\AppData\Local\Temp\ccjb8U7Y.s:2874   .debug_str:00000000000006c6 .LASF47
C:\Users\kasie\AppData\Local\Temp\ccjb8U7Y.s:2608   .debug_str:0000000000000179 .LASF48
C:\Users\kasie\AppData\Local\Temp\ccjb8U7Y.s:2642   .debug_str:0000000000000222 .LASF49
C:\Users\kasie\AppData\Local\Temp\ccjb8U7Y.s:2544   .debug_str:0000000000000000 .LASF50
C:\Users\kasie\AppData\Local\Temp\ccjb8U7Y.s:2842   .debug_str:000000000000062f .LASF51
C:\Users\kasie\AppData\Local\Temp\ccjb8U7Y.s:2622   .debug_str:00000000000001bc .LASF52
C:\Users\kasie\AppData\Local\Temp\ccjb8U7Y.s:2738   .debug_str:00000000000003df .LASF53
C:\Users\kasie\AppData\Local\Temp\ccjb8U7Y.s:2792   .debug_str:00000000000004d8 .LASF54
C:\Users\kasie\AppData\Local\Temp\ccjb8U7Y.s:2644   .debug_str:000000000000022a .LASF55
C:\Users\kasie\AppData\Local\Temp\ccjb8U7Y.s:2768   .debug_str:000000000000046d .LASF56
C:\Users\kasie\AppData\Local\Temp\ccjb8U7Y.s:2602   .debug_str:0000000000000164 .LASF57
C:\Users\kasie\AppData\Local\Temp\ccjb8U7Y.s:2550   .debug_str:000000000000001c .LASF58
C:\Users\kasie\AppData\Local\Temp\ccjb8U7Y.s:2778   .debug_str:0000000000000497 .LASF59
C:\Users\kasie\AppData\Local\Temp\ccjb8U7Y.s:2620   .debug_str:00000000000001b5 .LASF60
C:\Users\kasie\AppData\Local\Temp\ccjb8U7Y.s:2684   .debug_str:00000000000002de .LASF61
C:\Users\kasie\AppData\Local\Temp\ccjb8U7Y.s:2576   .debug_str:00000000000000de .LASF62
C:\Users\kasie\AppData\Local\Temp\ccjb8U7Y.s:2610   .debug_str:0000000000000187 .LASF63
C:\Users\kasie\AppData\Local\Temp\ccjb8U7Y.s:2662   .debug_str:0000000000000276 .LASF64
C:\Users\kasie\AppData\Local\Temp\ccjb8U7Y.s:2720   .debug_str:0000000000000376 .LASF65
C:\Users\kasie\AppData\Local\Temp\ccjb8U7Y.s:2812   .debug_str:0000000000000535 .LASF66
C:\Users\kasie\AppData\Local\Temp\ccjb8U7Y.s:2878   .debug_str:00000000000006e0 .LASF67
C:\Users\kasie\AppData\Local\Temp\ccjb8U7Y.s:2598   .debug_str:0000000000000155 .LASF68
C:\Users\kasie\AppData\Local\Temp\ccjb8U7Y.s:2870   .debug_str:00000000000006b8 .LASF69
C:\Users\kasie\AppData\Local\Temp\ccjb8U7Y.s:2628   .debug_str:00000000000001d2 .LASF70
C:\Users\kasie\AppData\Local\Temp\ccjb8U7Y.s:2636   .debug_str:00000000000001fb .LASF71
C:\Users\kasie\AppData\Local\Temp\ccjb8U7Y.s:2566   .debug_str:000000000000005c .LASF72
C:\Users\kasie\AppData\Local\Temp\ccjb8U7Y.s:2710   .debug_str:0000000000000350 .LASF73
C:\Users\kasie\AppData\Local\Temp\ccjb8U7Y.s:2782   .debug_str:00000000000004a9 .LASF74
C:\Users\kasie\AppData\Local\Temp\ccjb8U7Y.s:2714   .debug_str:000000000000035d .LASF75
C:\Users\kasie\AppData\Local\Temp\ccjb8U7Y.s:2802   .debug_str:0000000000000510 .LASF76
C:\Users\kasie\AppData\Local\Temp\ccjb8U7Y.s:2820   .debug_str:0000000000000558 .LASF77
C:\Users\kasie\AppData\Local\Temp\ccjb8U7Y.s:2624   .debug_str:00000000000001c4 .LASF78
C:\Users\kasie\AppData\Local\Temp\ccjb8U7Y.s:2676   .debug_str:00000000000002b3 .LASF79
GAS LISTING C:\Users\kasie\AppData\Local\Temp\ccjb8U7Y.s 			page 5


C:\Users\kasie\AppData\Local\Temp\ccjb8U7Y.s:2654   .debug_str:000000000000024f .LASF80
C:\Users\kasie\AppData\Local\Temp\ccjb8U7Y.s:2790   .debug_str:00000000000004d3 .LASF81
C:\Users\kasie\AppData\Local\Temp\ccjb8U7Y.s:2558   .debug_str:0000000000000039 .LASF82
C:\Users\kasie\AppData\Local\Temp\ccjb8U7Y.s:2798   .debug_str:00000000000004ef .LASF83
C:\Users\kasie\AppData\Local\Temp\ccjb8U7Y.s:2794   .debug_str:00000000000004dd .LASF84
C:\Users\kasie\AppData\Local\Temp\ccjb8U7Y.s:2630   .debug_str:00000000000001db .LASF85
C:\Users\kasie\AppData\Local\Temp\ccjb8U7Y.s:2796   .debug_str:00000000000004e5 .LASF86
C:\Users\kasie\AppData\Local\Temp\ccjb8U7Y.s:2702   .debug_str:0000000000000333 .LASF87
C:\Users\kasie\AppData\Local\Temp\ccjb8U7Y.s:2664   .debug_str:000000000000027c .LASF88
C:\Users\kasie\AppData\Local\Temp\ccjb8U7Y.s:2888   .debug_str:0000000000000709 .LASF89
C:\Users\kasie\AppData\Local\Temp\ccjb8U7Y.s:2748   .debug_str:0000000000000407 .LASF90
C:\Users\kasie\AppData\Local\Temp\ccjb8U7Y.s:2680   .debug_str:00000000000002c4 .LASF91
C:\Users\kasie\AppData\Local\Temp\ccjb8U7Y.s:2634   .debug_str:00000000000001f3 .LASF92
C:\Users\kasie\AppData\Local\Temp\ccjb8U7Y.s:2758   .debug_str:0000000000000444 .LASF93
C:\Users\kasie\AppData\Local\Temp\ccjb8U7Y.s:2696   .debug_str:0000000000000311 .LASF94
C:\Users\kasie\AppData\Local\Temp\ccjb8U7Y.s:2866   .debug_str:00000000000006a4 .LASF95
C:\Users\kasie\AppData\Local\Temp\ccjb8U7Y.s:2612   .debug_str:000000000000018f .LASF96
C:\Users\kasie\AppData\Local\Temp\ccjb8U7Y.s:2606   .debug_str:0000000000000174 .LASF97
C:\Users\kasie\AppData\Local\Temp\ccjb8U7Y.s:2822   .debug_str:000000000000055f .LASF98
C:\Users\kasie\AppData\Local\Temp\ccjb8U7Y.s:2774   .debug_str:0000000000000485 .LASF99
C:\Users\kasie\AppData\Local\Temp\ccjb8U7Y.s:2860   .debug_str:000000000000068b .LASF100
C:\Users\kasie\AppData\Local\Temp\ccjb8U7Y.s:2690   .debug_str:00000000000002f1 .LASF101
C:\Users\kasie\AppData\Local\Temp\ccjb8U7Y.s:2772   .debug_str:000000000000047f .LASF102
C:\Users\kasie\AppData\Local\Temp\ccjb8U7Y.s:2554   .debug_str:000000000000002a .LASF103
C:\Users\kasie\AppData\Local\Temp\ccjb8U7Y.s:2806   .debug_str:000000000000051f .LASF104
C:\Users\kasie\AppData\Local\Temp\ccjb8U7Y.s:2830   .debug_str:000000000000057e .LASF105
C:\Users\kasie\AppData\Local\Temp\ccjb8U7Y.s:2844   .debug_str:0000000000000638 .LASF106
C:\Users\kasie\AppData\Local\Temp\ccjb8U7Y.s:2852   .debug_str:0000000000000665 .LASF107
C:\Users\kasie\AppData\Local\Temp\ccjb8U7Y.s:2836   .debug_str:0000000000000592 .LASF108
C:\Users\kasie\AppData\Local\Temp\ccjb8U7Y.s:2700   .debug_str:0000000000000326 .LASF109
C:\Users\kasie\AppData\Local\Temp\ccjb8U7Y.s:2876   .debug_str:00000000000006d1 .LASF110
C:\Users\kasie\AppData\Local\Temp\ccjb8U7Y.s:2658   .debug_str:000000000000025f .LASF111
C:\Users\kasie\AppData\Local\Temp\ccjb8U7Y.s:2784   .debug_str:00000000000004b2 .LASF112
C:\Users\kasie\AppData\Local\Temp\ccjb8U7Y.s:2880   .debug_str:00000000000006e7 .LASF113
C:\Users\kasie\AppData\Local\Temp\ccjb8U7Y.s:2788   .debug_str:00000000000004c6 .LASF114
C:\Users\kasie\AppData\Local\Temp\ccjb8U7Y.s:2886   .debug_str:00000000000006fb .LASF115
C:\Users\kasie\AppData\Local\Temp\ccjb8U7Y.s:2588   .debug_str:000000000000011f .LASF116
C:\Users\kasie\AppData\Local\Temp\ccjb8U7Y.s:2864   .debug_str:000000000000069a .LASF117
C:\Users\kasie\AppData\Local\Temp\ccjb8U7Y.s:2698   .debug_str:000000000000031a .LASF118
C:\Users\kasie\AppData\Local\Temp\ccjb8U7Y.s:2848   .debug_str:0000000000000645 .LASF119
C:\Users\kasie\AppData\Local\Temp\ccjb8U7Y.s:2640   .debug_str:0000000000000214 .LASF120
C:\Users\kasie\AppData\Local\Temp\ccjb8U7Y.s:2582   .debug_str:00000000000000f8 .LASF121
C:\Users\kasie\AppData\Local\Temp\ccjb8U7Y.s:2638   .debug_str:0000000000000203 .LASF122
C:\Users\kasie\AppData\Local\Temp\ccjb8U7Y.s:2568   .debug_str:0000000000000062 .LASF123
C:\Users\kasie\AppData\Local\Temp\ccjb8U7Y.s:2570   .debug_str:0000000000000071 .LASF124
C:\Users\kasie\AppData\Local\Temp\ccjb8U7Y.s:2762   .debug_str:0000000000000450 .LASF125
C:\Users\kasie\AppData\Local\Temp\ccjb8U7Y.s:2732   .debug_str:00000000000003aa .LASF126
C:\Users\kasie\AppData\Local\Temp\ccjb8U7Y.s:2724   .debug_str:0000000000000387 .LASF127
C:\Users\kasie\AppData\Local\Temp\ccjb8U7Y.s:2872   .debug_str:00000000000006be .LASF128
C:\Users\kasie\AppData\Local\Temp\ccjb8U7Y.s:2578   .debug_str:00000000000000e7 .LASF173
C:\Users\kasie\AppData\Local\Temp\ccjb8U7Y.s:2814   .debug_str:000000000000053b .LASF129
C:\Users\kasie\AppData\Local\Temp\ccjb8U7Y.s:2850   .debug_str:0000000000000652 .LASF130
C:\Users\kasie\AppData\Local\Temp\ccjb8U7Y.s:2632   .debug_str:00000000000001e6 .LASF131
C:\Users\kasie\AppData\Local\Temp\ccjb8U7Y.s:2780   .debug_str:000000000000049f .LASF132
C:\Users\kasie\AppData\Local\Temp\ccjb8U7Y.s:2746   .debug_str:0000000000000400 .LASF133
C:\Users\kasie\AppData\Local\Temp\ccjb8U7Y.s:2678   .debug_str:00000000000002bb .LASF134
C:\Users\kasie\AppData\Local\Temp\ccjb8U7Y.s:2868   .debug_str:00000000000006ae .LASF135
GAS LISTING C:\Users\kasie\AppData\Local\Temp\ccjb8U7Y.s 			page 6


C:\Users\kasie\AppData\Local\Temp\ccjb8U7Y.s:2896   .debug_str:000000000000072b .LASF136
C:\Users\kasie\AppData\Local\Temp\ccjb8U7Y.s:2686   .debug_str:00000000000002e4 .LASF137
C:\Users\kasie\AppData\Local\Temp\ccjb8U7Y.s:2744   .debug_str:00000000000003fa .LASF138
C:\Users\kasie\AppData\Local\Temp\ccjb8U7Y.s:2692   .debug_str:00000000000002f8 .LASF139
C:\Users\kasie\AppData\Local\Temp\ccjb8U7Y.s:2646   .debug_str:000000000000022f .LASF140
C:\Users\kasie\AppData\Local\Temp\ccjb8U7Y.s:2556   .debug_str:0000000000000032 .LASF141
C:\Users\kasie\AppData\Local\Temp\ccjb8U7Y.s:2552   .debug_str:0000000000000022 .LASF142
C:\Users\kasie\AppData\Local\Temp\ccjb8U7Y.s:2706   .debug_str:0000000000000341 .LASF143
C:\Users\kasie\AppData\Local\Temp\ccjb8U7Y.s:2726   .debug_str:0000000000000390 .LASF144
C:\Users\kasie\AppData\Local\Temp\ccjb8U7Y.s:2730   .debug_str:00000000000003a3 .LASF145
C:\Users\kasie\AppData\Local\Temp\ccjb8U7Y.s:2828   .debug_str:0000000000000577 .LASF146
C:\Users\kasie\AppData\Local\Temp\ccjb8U7Y.s:2882   .debug_str:00000000000006ec .LASF147
C:\Users\kasie\AppData\Local\Temp\ccjb8U7Y.s:2718   .debug_str:000000000000036d .LASF148
C:\Users\kasie\AppData\Local\Temp\ccjb8U7Y.s:2750   .debug_str:0000000000000411 .LASF149
C:\Users\kasie\AppData\Local\Temp\ccjb8U7Y.s:2560   .debug_str:0000000000000044 .LASF150
C:\Users\kasie\AppData\Local\Temp\ccjb8U7Y.s:2586   .debug_str:0000000000000117 .LASF151
C:\Users\kasie\AppData\Local\Temp\ccjb8U7Y.s:2592   .debug_str:0000000000000136 .LASF152
C:\Users\kasie\AppData\Local\Temp\ccjb8U7Y.s:2562   .debug_str:000000000000004e .LASF153
C:\Users\kasie\AppData\Local\Temp\ccjb8U7Y.s:2760   .debug_str:0000000000000449 .LASF154
C:\Users\kasie\AppData\Local\Temp\ccjb8U7Y.s:2838   .debug_str:000000000000059f .LASF155
C:\Users\kasie\AppData\Local\Temp\ccjb8U7Y.s:2754   .debug_str:000000000000042d .LASF156
C:\Users\kasie\AppData\Local\Temp\ccjb8U7Y.s:2688   .debug_str:00000000000002ea .LASF157
C:\Users\kasie\AppData\Local\Temp\ccjb8U7Y.s:2564   .debug_str:0000000000000055 .LASF158
C:\Users\kasie\AppData\Local\Temp\ccjb8U7Y.s:2884   .debug_str:00000000000006f3 .LASF159
C:\Users\kasie\AppData\Local\Temp\ccjb8U7Y.s:2716   .debug_str:0000000000000365 .LASF160
C:\Users\kasie\AppData\Local\Temp\ccjb8U7Y.s:2818   .debug_str:000000000000054f .LASF161
C:\Users\kasie\AppData\Local\Temp\ccjb8U7Y.s:2666   .debug_str:0000000000000286 .LASF162
C:\Users\kasie\AppData\Local\Temp\ccjb8U7Y.s:2892   .debug_str:0000000000000718 .LASF163
C:\Users\kasie\AppData\Local\Temp\ccjb8U7Y.s:2668   .debug_str:0000000000000290 .LASF164
C:\Users\kasie\AppData\Local\Temp\ccjb8U7Y.s:2786   .debug_str:00000000000004bd .LASF165
C:\Users\kasie\AppData\Local\Temp\ccjb8U7Y.s:2618   .debug_str:00000000000001ab .LASF166
C:\Users\kasie\AppData\Local\Temp\ccjb8U7Y.s:2770   .debug_str:0000000000000474 .LASF167
C:\Users\kasie\AppData\Local\Temp\ccjb8U7Y.s:2854   .debug_str:0000000000000672 .LASF168
C:\Users\kasie\AppData\Local\Temp\ccjb8U7Y.s:2824   .debug_str:0000000000000564 .LASF169
C:\Users\kasie\AppData\Local\Temp\ccjb8U7Y.s:2626   .debug_str:00000000000001cb .LASF174
C:\Users\kasie\AppData\Local\Temp\ccjb8U7Y.s:14     .text._fstat:0000000000000000 .LFB1
C:\Users\kasie\AppData\Local\Temp\ccjb8U7Y.s:60     .text._fstat:0000000000000022 .LFE1
C:\Users\kasie\AppData\Local\Temp\ccjb8U7Y.s:2464   .debug_loc:0000000000000000 .LLST0
C:\Users\kasie\AppData\Local\Temp\ccjb8U7Y.s:2487   .debug_loc:0000000000000038 .LLST1
C:\Users\kasie\AppData\Local\Temp\ccjb8U7Y.s:2501   .debug_loc:0000000000000059 .LLST2
C:\Users\kasie\AppData\Local\Temp\ccjb8U7Y.s:30     .text._fstat:000000000000000e .LVL1
C:\Users\kasie\AppData\Local\Temp\ccjb8U7Y.s:2580   .debug_str:00000000000000f2 .LASF175
C:\Users\kasie\AppData\Local\Temp\ccjb8U7Y.s:2712   .debug_str:0000000000000356 .LASF176
C:\Users\kasie\AppData\Local\Temp\ccjb8U7Y.s:22     .text._fstat:0000000000000002 .LCFI0
C:\Users\kasie\AppData\Local\Temp\ccjb8U7Y.s:48     .text._fstat:000000000000001c .LCFI1
C:\Users\kasie\AppData\Local\Temp\ccjb8U7Y.s:54     .text._fstat:000000000000001e .LCFI2
C:\Users\kasie\AppData\Local\Temp\ccjb8U7Y.s:18     .text._fstat:0000000000000000 .LVL0
C:\Users\kasie\AppData\Local\Temp\ccjb8U7Y.s:50     .text._fstat:000000000000001c .LVL2
C:\Users\kasie\AppData\Local\Temp\ccjb8U7Y.s:52     .text._fstat:000000000000001e .LVL3
C:\Users\kasie\AppData\Local\Temp\ccjb8U7Y.s:77     .debug_info:0000000000000000 .Ldebug_info0

UNDEFINED SYMBOLS
isatty
