GAS LISTING C:\Users\kasie\AppData\Local\Temp\ccwLZloJ.s 			page 1


   1              		.file	"lseek.c"
   2              		.option nopic
   3              		.attribute arch, "rv32i2p0_m2p0_a2p0_c2p0"
   4              		.attribute unaligned_access, 0
   5              		.attribute stack_align, 16
   6              		.text
   7              	.Ltext0:
   8              		.cfi_sections	.debug_frame
   9              		.section	.text._lseek,"ax",@progbits
  10              		.align	1
  11              		.globl	_lseek
  13              	_lseek:
  14              	.LFB1:
  15              		.file 1 "./../../firmware/RISCV/stubs/lseek.c"
   1:./../../firmware/RISCV/stubs/lseek.c **** /* See LICENSE of license details. */
   2:./../../firmware/RISCV/stubs/lseek.c **** 
   3:./../../firmware/RISCV/stubs/lseek.c **** #include <errno.h>
   4:./../../firmware/RISCV/stubs/lseek.c **** #include <unistd.h>
   5:./../../firmware/RISCV/stubs/lseek.c **** #include <sys/types.h>
   6:./../../firmware/RISCV/stubs/lseek.c **** #include "stub.h"
   7:./../../firmware/RISCV/stubs/lseek.c **** 
   8:./../../firmware/RISCV/stubs/lseek.c **** off_t _lseek(int fd, off_t ptr, int dir)
   9:./../../firmware/RISCV/stubs/lseek.c **** {
  16              		.loc 1 9 1
  17              		.cfi_startproc
  18              	.LVL0:
  10:./../../firmware/RISCV/stubs/lseek.c ****   if (isatty(fd))
  19              		.loc 1 10 3
   9:./../../firmware/RISCV/stubs/lseek.c ****   if (isatty(fd))
  20              		.loc 1 9 1 is_stmt 0
  21 0000 4111     		addi	sp,sp,-16
  22              	.LCFI0:
  23              		.cfi_def_cfa_offset 16
  24 0002 06C6     		sw	ra,12(sp)
  25              		.cfi_offset 1, -4
  26              		.loc 1 10 7
  27 0004 97000000 		call	isatty
  27      E7800000 
  28              	.LVL1:
  11:./../../firmware/RISCV/stubs/lseek.c ****     return 0;
  12:./../../firmware/RISCV/stubs/lseek.c **** 
  13:./../../firmware/RISCV/stubs/lseek.c ****   return _stub(EBADF);
  14:./../../firmware/RISCV/stubs/lseek.c **** }
  29              		.loc 1 14 1
  30 000c B240     		lw	ra,12(sp)
  31              		.cfi_restore 1
  10:./../../firmware/RISCV/stubs/lseek.c ****     return 0;
  32              		.loc 1 10 6
  33 000e 13351500 		seqz	a0,a0
  34              		.loc 1 14 1
  35 0012 3305A040 		neg	a0,a0
  36 0016 4101     		addi	sp,sp,16
  37              	.LCFI1:
  38              		.cfi_def_cfa_offset 0
  39 0018 8280     		jr	ra
  40              		.cfi_endproc
  41              	.LFE1:
GAS LISTING C:\Users\kasie\AppData\Local\Temp\ccwLZloJ.s 			page 2


  43              		.text
  44              	.Letext0:
  45              		.file 2 "c:\\users\\kasie\\downloads\\toolchain-gd32v-v202-win\\toolchain-gd32v-v202-win\\compiler
  46              		.file 3 "c:\\users\\kasie\\downloads\\toolchain-gd32v-v202-win\\toolchain-gd32v-v202-win\\compiler
  47              		.file 4 "c:\\users\\kasie\\downloads\\toolchain-gd32v-v202-win\\toolchain-gd32v-v202-win\\compiler
  48              		.file 5 "c:\\users\\kasie\\downloads\\toolchain-gd32v-v202-win\\toolchain-gd32v-v202-win\\compiler
  49              		.file 6 "c:\\users\\kasie\\downloads\\toolchain-gd32v-v202-win\\toolchain-gd32v-v202-win\\compiler
  50              		.file 7 "c:\\users\\kasie\\downloads\\toolchain-gd32v-v202-win\\toolchain-gd32v-v202-win\\compiler
  51              		.file 8 "c:\\users\\kasie\\downloads\\toolchain-gd32v-v202-win\\toolchain-gd32v-v202-win\\compiler
  52              		.file 9 "./../../firmware/RISCV/stubs/stub.h"
GAS LISTING C:\Users\kasie\AppData\Local\Temp\ccwLZloJ.s 			page 3


DEFINED SYMBOLS
                            *ABS*:0000000000000000 lseek.c
C:\Users\kasie\AppData\Local\Temp\ccwLZloJ.s:13     .text._lseek:0000000000000000 _lseek
C:\Users\kasie\AppData\Local\Temp\ccwLZloJ.s:17     .text._lseek:0000000000000000 .L0 
C:\Users\kasie\AppData\Local\Temp\ccwLZloJ.s:19     .text._lseek:0000000000000000 .L0 
C:\Users\kasie\AppData\Local\Temp\ccwLZloJ.s:20     .text._lseek:0000000000000000 .L0 
C:\Users\kasie\AppData\Local\Temp\ccwLZloJ.s:21     .text._lseek:0000000000000000 .L0 
C:\Users\kasie\AppData\Local\Temp\ccwLZloJ.s:23     .text._lseek:0000000000000002 .L0 
C:\Users\kasie\AppData\Local\Temp\ccwLZloJ.s:25     .text._lseek:0000000000000004 .L0 
C:\Users\kasie\AppData\Local\Temp\ccwLZloJ.s:27     .text._lseek:0000000000000004 .L0 
C:\Users\kasie\AppData\Local\Temp\ccwLZloJ.s:30     .text._lseek:000000000000000c .L0 
C:\Users\kasie\AppData\Local\Temp\ccwLZloJ.s:31     .text._lseek:000000000000000e .L0 
C:\Users\kasie\AppData\Local\Temp\ccwLZloJ.s:33     .text._lseek:000000000000000e .L0 
C:\Users\kasie\AppData\Local\Temp\ccwLZloJ.s:35     .text._lseek:0000000000000012 .L0 
C:\Users\kasie\AppData\Local\Temp\ccwLZloJ.s:38     .text._lseek:0000000000000018 .L0 
C:\Users\kasie\AppData\Local\Temp\ccwLZloJ.s:40     .text._lseek:000000000000001a .L0 
C:\Users\kasie\AppData\Local\Temp\ccwLZloJ.s:43     .text._lseek:000000000000001a .L0 
                     .debug_frame:0000000000000000 .L0 
C:\Users\kasie\AppData\Local\Temp\ccwLZloJ.s:1600   .debug_abbrev:0000000000000000 .Ldebug_abbrev0
C:\Users\kasie\AppData\Local\Temp\ccwLZloJ.s:2441   .debug_str:000000000000049b .LASF130
C:\Users\kasie\AppData\Local\Temp\ccwLZloJ.s:2321   .debug_str:0000000000000209 .LASF131
C:\Users\kasie\AppData\Local\Temp\ccwLZloJ.s:2425   .debug_str:0000000000000406 .LASF132
C:\Users\kasie\AppData\Local\Temp\ccwLZloJ.s:2205   .debug_ranges:0000000000000000 .Ldebug_ranges0
C:\Users\kasie\AppData\Local\Temp\ccwLZloJ.s:2211   .debug_line:0000000000000000 .Ldebug_line0
C:\Users\kasie\AppData\Local\Temp\ccwLZloJ.s:2305   .debug_str:00000000000001c0 .LASF0
C:\Users\kasie\AppData\Local\Temp\ccwLZloJ.s:2323   .debug_str:000000000000022e .LASF1
C:\Users\kasie\AppData\Local\Temp\ccwLZloJ.s:2247   .debug_str:00000000000000b9 .LASF2
C:\Users\kasie\AppData\Local\Temp\ccwLZloJ.s:2353   .debug_str:00000000000002b8 .LASF3
C:\Users\kasie\AppData\Local\Temp\ccwLZloJ.s:2337   .debug_str:0000000000000279 .LASF10
C:\Users\kasie\AppData\Local\Temp\ccwLZloJ.s:2249   .debug_str:00000000000000c7 .LASF4
C:\Users\kasie\AppData\Local\Temp\ccwLZloJ.s:2373   .debug_str:0000000000000318 .LASF5
C:\Users\kasie\AppData\Local\Temp\ccwLZloJ.s:2379   .debug_str:0000000000000334 .LASF6
C:\Users\kasie\AppData\Local\Temp\ccwLZloJ.s:2265   .debug_str:000000000000010c .LASF7
C:\Users\kasie\AppData\Local\Temp\ccwLZloJ.s:2313   .debug_str:00000000000001e4 .LASF8
C:\Users\kasie\AppData\Local\Temp\ccwLZloJ.s:2233   .debug_str:0000000000000062 .LASF9
C:\Users\kasie\AppData\Local\Temp\ccwLZloJ.s:2367   .debug_str:00000000000002f5 .LASF11
C:\Users\kasie\AppData\Local\Temp\ccwLZloJ.s:2215   .debug_str:000000000000000c .LASF12
C:\Users\kasie\AppData\Local\Temp\ccwLZloJ.s:2219   .debug_str:000000000000001b .LASF13
C:\Users\kasie\AppData\Local\Temp\ccwLZloJ.s:2461   .debug_str:000000000000057b .LASF14
C:\Users\kasie\AppData\Local\Temp\ccwLZloJ.s:2333   .debug_str:000000000000026b .LASF15
C:\Users\kasie\AppData\Local\Temp\ccwLZloJ.s:2307   .debug_str:00000000000001cd .LASF16
C:\Users\kasie\AppData\Local\Temp\ccwLZloJ.s:2417   .debug_str:00000000000003e4 .LASF17
C:\Users\kasie\AppData\Local\Temp\ccwLZloJ.s:2419   .debug_str:00000000000003ec .LASF18
C:\Users\kasie\AppData\Local\Temp\ccwLZloJ.s:2389   .debug_str:000000000000035c .LASF19
C:\Users\kasie\AppData\Local\Temp\ccwLZloJ.s:2447   .debug_str:0000000000000531 .LASF20
C:\Users\kasie\AppData\Local\Temp\ccwLZloJ.s:2371   .debug_str:0000000000000306 .LASF21
C:\Users\kasie\AppData\Local\Temp\ccwLZloJ.s:2291   .debug_str:0000000000000183 .LASF22
C:\Users\kasie\AppData\Local\Temp\ccwLZloJ.s:2295   .debug_str:0000000000000194 .LASF27
C:\Users\kasie\AppData\Local\Temp\ccwLZloJ.s:2437   .debug_str:0000000000000488 .LASF23
C:\Users\kasie\AppData\Local\Temp\ccwLZloJ.s:2411   .debug_str:00000000000003cf .LASF24
C:\Users\kasie\AppData\Local\Temp\ccwLZloJ.s:2289   .debug_str:000000000000017d .LASF25
C:\Users\kasie\AppData\Local\Temp\ccwLZloJ.s:2455   .debug_str:0000000000000566 .LASF26
C:\Users\kasie\AppData\Local\Temp\ccwLZloJ.s:2303   .debug_str:00000000000001bb .LASF28
C:\Users\kasie\AppData\Local\Temp\ccwLZloJ.s:2245   .debug_str:00000000000000b0 .LASF29
C:\Users\kasie\AppData\Local\Temp\ccwLZloJ.s:2431   .debug_str:0000000000000472 .LASF30
C:\Users\kasie\AppData\Local\Temp\ccwLZloJ.s:2255   .debug_str:00000000000000df .LASF31
C:\Users\kasie\AppData\Local\Temp\ccwLZloJ.s:2485   .debug_str:00000000000005e6 .LASF32
GAS LISTING C:\Users\kasie\AppData\Local\Temp\ccwLZloJ.s 			page 4


C:\Users\kasie\AppData\Local\Temp\ccwLZloJ.s:2359   .debug_str:00000000000002d2 .LASF33
C:\Users\kasie\AppData\Local\Temp\ccwLZloJ.s:2347   .debug_str:000000000000029e .LASF34
C:\Users\kasie\AppData\Local\Temp\ccwLZloJ.s:2457   .debug_str:000000000000056b .LASF35
C:\Users\kasie\AppData\Local\Temp\ccwLZloJ.s:2381   .debug_str:000000000000033e .LASF36
C:\Users\kasie\AppData\Local\Temp\ccwLZloJ.s:2471   .debug_str:00000000000005a6 .LASF37
C:\Users\kasie\AppData\Local\Temp\ccwLZloJ.s:2259   .debug_str:00000000000000ee .LASF38
C:\Users\kasie\AppData\Local\Temp\ccwLZloJ.s:2285   .debug_str:0000000000000170 .LASF39
C:\Users\kasie\AppData\Local\Temp\ccwLZloJ.s:2213   .debug_str:0000000000000000 .LASF40
C:\Users\kasie\AppData\Local\Temp\ccwLZloJ.s:2443   .debug_str:0000000000000523 .LASF41
C:\Users\kasie\AppData\Local\Temp\ccwLZloJ.s:2269   .debug_str:000000000000011c .LASF42
C:\Users\kasie\AppData\Local\Temp\ccwLZloJ.s:2361   .debug_str:00000000000002db .LASF43
C:\Users\kasie\AppData\Local\Temp\ccwLZloJ.s:2403   .debug_str:000000000000039f .LASF44
C:\Users\kasie\AppData\Local\Temp\ccwLZloJ.s:2287   .debug_str:0000000000000178 .LASF45
C:\Users\kasie\AppData\Local\Temp\ccwLZloJ.s:2383   .debug_str:0000000000000348 .LASF46
C:\Users\kasie\AppData\Local\Temp\ccwLZloJ.s:2253   .debug_str:00000000000000d9 .LASF47
C:\Users\kasie\AppData\Local\Temp\ccwLZloJ.s:2221   .debug_str:0000000000000023 .LASF48
C:\Users\kasie\AppData\Local\Temp\ccwLZloJ.s:2391   .debug_str:0000000000000367 .LASF49
C:\Users\kasie\AppData\Local\Temp\ccwLZloJ.s:2267   .debug_str:0000000000000115 .LASF50
C:\Users\kasie\AppData\Local\Temp\ccwLZloJ.s:2315   .debug_str:00000000000001f6 .LASF51
C:\Users\kasie\AppData\Local\Temp\ccwLZloJ.s:2235   .debug_str:0000000000000079 .LASF52
C:\Users\kasie\AppData\Local\Temp\ccwLZloJ.s:2261   .debug_str:00000000000000fc .LASF53
C:\Users\kasie\AppData\Local\Temp\ccwLZloJ.s:2299   .debug_str:00000000000001ab .LASF54
C:\Users\kasie\AppData\Local\Temp\ccwLZloJ.s:2345   .debug_str:0000000000000297 .LASF55
C:\Users\kasie\AppData\Local\Temp\ccwLZloJ.s:2421   .debug_str:00000000000003f4 .LASF56
C:\Users\kasie\AppData\Local\Temp\ccwLZloJ.s:2475   .debug_str:00000000000005c0 .LASF57
C:\Users\kasie\AppData\Local\Temp\ccwLZloJ.s:2251   .debug_str:00000000000000d3 .LASF58
C:\Users\kasie\AppData\Local\Temp\ccwLZloJ.s:2467   .debug_str:0000000000000598 .LASF59
C:\Users\kasie\AppData\Local\Temp\ccwLZloJ.s:2273   .debug_str:000000000000012b .LASF60
C:\Users\kasie\AppData\Local\Temp\ccwLZloJ.s:2279   .debug_str:0000000000000149 .LASF61
C:\Users\kasie\AppData\Local\Temp\ccwLZloJ.s:2227   .debug_str:000000000000003c .LASF62
C:\Users\kasie\AppData\Local\Temp\ccwLZloJ.s:2339   .debug_str:0000000000000280 .LASF63
C:\Users\kasie\AppData\Local\Temp\ccwLZloJ.s:2395   .debug_str:0000000000000379 .LASF64
C:\Users\kasie\AppData\Local\Temp\ccwLZloJ.s:2341   .debug_str:0000000000000286 .LASF65
C:\Users\kasie\AppData\Local\Temp\ccwLZloJ.s:2413   .debug_str:00000000000003d7 .LASF66
C:\Users\kasie\AppData\Local\Temp\ccwLZloJ.s:2427   .debug_str:0000000000000466 .LASF67
C:\Users\kasie\AppData\Local\Temp\ccwLZloJ.s:2271   .debug_str:0000000000000124 .LASF68
C:\Users\kasie\AppData\Local\Temp\ccwLZloJ.s:2309   .debug_str:00000000000001d4 .LASF69
C:\Users\kasie\AppData\Local\Temp\ccwLZloJ.s:2293   .debug_str:000000000000018c .LASF70
C:\Users\kasie\AppData\Local\Temp\ccwLZloJ.s:2401   .debug_str:000000000000039a .LASF71
C:\Users\kasie\AppData\Local\Temp\ccwLZloJ.s:2225   .debug_str:0000000000000031 .LASF72
C:\Users\kasie\AppData\Local\Temp\ccwLZloJ.s:2409   .debug_str:00000000000003b6 .LASF73
C:\Users\kasie\AppData\Local\Temp\ccwLZloJ.s:2405   .debug_str:00000000000003a4 .LASF74
C:\Users\kasie\AppData\Local\Temp\ccwLZloJ.s:2365   .debug_str:00000000000002ea .LASF75
C:\Users\kasie\AppData\Local\Temp\ccwLZloJ.s:2407   .debug_str:00000000000003ac .LASF76
C:\Users\kasie\AppData\Local\Temp\ccwLZloJ.s:2331   .debug_str:0000000000000263 .LASF77
C:\Users\kasie\AppData\Local\Temp\ccwLZloJ.s:2301   .debug_str:00000000000001b1 .LASF78
C:\Users\kasie\AppData\Local\Temp\ccwLZloJ.s:2483   .debug_str:00000000000005e1 .LASF79
C:\Users\kasie\AppData\Local\Temp\ccwLZloJ.s:2369   .debug_str:00000000000002fc .LASF80
C:\Users\kasie\AppData\Local\Temp\ccwLZloJ.s:2311   .debug_str:00000000000001dc .LASF81
C:\Users\kasie\AppData\Local\Temp\ccwLZloJ.s:2277   .debug_str:0000000000000141 .LASF82
C:\Users\kasie\AppData\Local\Temp\ccwLZloJ.s:2375   .debug_str:0000000000000326 .LASF83
C:\Users\kasie\AppData\Local\Temp\ccwLZloJ.s:2325   .debug_str:0000000000000241 .LASF84
C:\Users\kasie\AppData\Local\Temp\ccwLZloJ.s:2465   .debug_str:000000000000058e .LASF85
C:\Users\kasie\AppData\Local\Temp\ccwLZloJ.s:2263   .debug_str:0000000000000104 .LASF86
C:\Users\kasie\AppData\Local\Temp\ccwLZloJ.s:2257   .debug_str:00000000000000e9 .LASF87
C:\Users\kasie\AppData\Local\Temp\ccwLZloJ.s:2429   .debug_str:000000000000046d .LASF88
C:\Users\kasie\AppData\Local\Temp\ccwLZloJ.s:2387   .debug_str:0000000000000355 .LASF89
GAS LISTING C:\Users\kasie\AppData\Local\Temp\ccwLZloJ.s 			page 5


C:\Users\kasie\AppData\Local\Temp\ccwLZloJ.s:2459   .debug_str:0000000000000575 .LASF90
C:\Users\kasie\AppData\Local\Temp\ccwLZloJ.s:2319   .debug_str:0000000000000202 .LASF91
C:\Users\kasie\AppData\Local\Temp\ccwLZloJ.s:2385   .debug_str:000000000000034f .LASF92
C:\Users\kasie\AppData\Local\Temp\ccwLZloJ.s:2223   .debug_str:0000000000000029 .LASF93
C:\Users\kasie\AppData\Local\Temp\ccwLZloJ.s:2415   .debug_str:00000000000003de .LASF94
C:\Users\kasie\AppData\Local\Temp\ccwLZloJ.s:2435   .debug_str:0000000000000482 .LASF95
C:\Users\kasie\AppData\Local\Temp\ccwLZloJ.s:2445   .debug_str:000000000000052c .LASF96
C:\Users\kasie\AppData\Local\Temp\ccwLZloJ.s:2453   .debug_str:0000000000000559 .LASF97
C:\Users\kasie\AppData\Local\Temp\ccwLZloJ.s:2439   .debug_str:000000000000048e .LASF98
C:\Users\kasie\AppData\Local\Temp\ccwLZloJ.s:2329   .debug_str:0000000000000256 .LASF99
C:\Users\kasie\AppData\Local\Temp\ccwLZloJ.s:2473   .debug_str:00000000000005b1 .LASF100
C:\Users\kasie\AppData\Local\Temp\ccwLZloJ.s:2297   .debug_str:000000000000019c .LASF101
C:\Users\kasie\AppData\Local\Temp\ccwLZloJ.s:2397   .debug_str:0000000000000382 .LASF102
C:\Users\kasie\AppData\Local\Temp\ccwLZloJ.s:2477   .debug_str:00000000000005c7 .LASF103
C:\Users\kasie\AppData\Local\Temp\ccwLZloJ.s:2399   .debug_str:000000000000038d .LASF104
C:\Users\kasie\AppData\Local\Temp\ccwLZloJ.s:2481   .debug_str:00000000000005d3 .LASF105
C:\Users\kasie\AppData\Local\Temp\ccwLZloJ.s:2243   .debug_str:00000000000000a2 .LASF106
C:\Users\kasie\AppData\Local\Temp\ccwLZloJ.s:2463   .debug_str:0000000000000584 .LASF107
C:\Users\kasie\AppData\Local\Temp\ccwLZloJ.s:2327   .debug_str:000000000000024a .LASF108
C:\Users\kasie\AppData\Local\Temp\ccwLZloJ.s:2449   .debug_str:0000000000000539 .LASF109
C:\Users\kasie\AppData\Local\Temp\ccwLZloJ.s:2283   .debug_str:0000000000000162 .LASF110
C:\Users\kasie\AppData\Local\Temp\ccwLZloJ.s:2241   .debug_str:0000000000000093 .LASF111
C:\Users\kasie\AppData\Local\Temp\ccwLZloJ.s:2281   .debug_str:0000000000000151 .LASF112
C:\Users\kasie\AppData\Local\Temp\ccwLZloJ.s:2229   .debug_str:0000000000000042 .LASF113
C:\Users\kasie\AppData\Local\Temp\ccwLZloJ.s:2231   .debug_str:0000000000000051 .LASF114
C:\Users\kasie\AppData\Local\Temp\ccwLZloJ.s:2377   .debug_str:000000000000032b .LASF115
C:\Users\kasie\AppData\Local\Temp\ccwLZloJ.s:2357   .debug_str:00000000000002cb .LASF116
C:\Users\kasie\AppData\Local\Temp\ccwLZloJ.s:2349   .debug_str:00000000000002a8 .LASF117
C:\Users\kasie\AppData\Local\Temp\ccwLZloJ.s:2469   .debug_str:000000000000059e .LASF118
C:\Users\kasie\AppData\Local\Temp\ccwLZloJ.s:2237   .debug_str:0000000000000082 .LASF133
C:\Users\kasie\AppData\Local\Temp\ccwLZloJ.s:2423   .debug_str:00000000000003fa .LASF119
C:\Users\kasie\AppData\Local\Temp\ccwLZloJ.s:2451   .debug_str:0000000000000546 .LASF120
C:\Users\kasie\AppData\Local\Temp\ccwLZloJ.s:2275   .debug_str:0000000000000134 .LASF121
C:\Users\kasie\AppData\Local\Temp\ccwLZloJ.s:2393   .debug_str:000000000000036f .LASF122
C:\Users\kasie\AppData\Local\Temp\ccwLZloJ.s:2317   .debug_str:00000000000001fc .LASF123
C:\Users\kasie\AppData\Local\Temp\ccwLZloJ.s:2335   .debug_str:0000000000000271 .LASF124
C:\Users\kasie\AppData\Local\Temp\ccwLZloJ.s:2351   .debug_str:00000000000002b1 .LASF125
C:\Users\kasie\AppData\Local\Temp\ccwLZloJ.s:2355   .debug_str:00000000000002c4 .LASF126
C:\Users\kasie\AppData\Local\Temp\ccwLZloJ.s:2433   .debug_str:000000000000047b .LASF127
C:\Users\kasie\AppData\Local\Temp\ccwLZloJ.s:2479   .debug_str:00000000000005cc .LASF128
C:\Users\kasie\AppData\Local\Temp\ccwLZloJ.s:2343   .debug_str:000000000000028e .LASF129
C:\Users\kasie\AppData\Local\Temp\ccwLZloJ.s:2363   .debug_str:00000000000002e3 .LASF134
C:\Users\kasie\AppData\Local\Temp\ccwLZloJ.s:14     .text._lseek:0000000000000000 .LFB1
C:\Users\kasie\AppData\Local\Temp\ccwLZloJ.s:41     .text._lseek:000000000000001a .LFE1
C:\Users\kasie\AppData\Local\Temp\ccwLZloJ.s:2132   .debug_loc:0000000000000000 .LLST0
C:\Users\kasie\AppData\Local\Temp\ccwLZloJ.s:2150   .debug_loc:000000000000002c .LLST1
C:\Users\kasie\AppData\Local\Temp\ccwLZloJ.s:2164   .debug_loc:000000000000004d .LLST2
C:\Users\kasie\AppData\Local\Temp\ccwLZloJ.s:2178   .debug_loc:000000000000006e .LLST3
C:\Users\kasie\AppData\Local\Temp\ccwLZloJ.s:28     .text._lseek:000000000000000c .LVL1
C:\Users\kasie\AppData\Local\Temp\ccwLZloJ.s:2239   .debug_str:000000000000008d .LASF135
C:\Users\kasie\AppData\Local\Temp\ccwLZloJ.s:2217   .debug_str:0000000000000014 .LASF136
C:\Users\kasie\AppData\Local\Temp\ccwLZloJ.s:22     .text._lseek:0000000000000002 .LCFI0
C:\Users\kasie\AppData\Local\Temp\ccwLZloJ.s:37     .text._lseek:0000000000000018 .LCFI1
C:\Users\kasie\AppData\Local\Temp\ccwLZloJ.s:18     .text._lseek:0000000000000000 .LVL0
C:\Users\kasie\AppData\Local\Temp\ccwLZloJ.s:54     .debug_info:0000000000000000 .Ldebug_info0

UNDEFINED SYMBOLS
GAS LISTING C:\Users\kasie\AppData\Local\Temp\ccwLZloJ.s 			page 6


isatty
