GAS LISTING C:\Users\kasie\AppData\Local\Temp\ccRibCsJ.s 			page 1


   1              		.file	"close.c"
   2              		.option nopic
   3              		.attribute arch, "rv32i2p0_m2p0_a2p0_c2p0"
   4              		.attribute unaligned_access, 0
   5              		.attribute stack_align, 16
   6              		.text
   7              	.Ltext0:
   8              		.cfi_sections	.debug_frame
   9              		.section	.text._close,"ax",@progbits
  10              		.align	1
  11              		.globl	_close
  13              	_close:
  14              	.LFB1:
  15              		.file 1 "./../../firmware/RISCV/stubs/close.c"
   1:./../../firmware/RISCV/stubs/close.c **** /* See LICENSE of license details. */
   2:./../../firmware/RISCV/stubs/close.c **** 
   3:./../../firmware/RISCV/stubs/close.c **** #include <errno.h>
   4:./../../firmware/RISCV/stubs/close.c **** #include "stub.h"
   5:./../../firmware/RISCV/stubs/close.c **** 
   6:./../../firmware/RISCV/stubs/close.c **** int _close(int fd)
   7:./../../firmware/RISCV/stubs/close.c **** {
  16              		.loc 1 7 1
  17              		.cfi_startproc
  18              	.LVL0:
   8:./../../firmware/RISCV/stubs/close.c ****   return _stub(EBADF);
  19              		.loc 1 8 3
  20              		.file 2 "./../../firmware/RISCV/stubs/stub.h"
   1:./../../firmware/RISCV/stubs/stub.h **** /* See LICENSE of license details. */
   2:./../../firmware/RISCV/stubs/stub.h **** #ifndef _NUCLEI_SYS_STUB_H
   3:./../../firmware/RISCV/stubs/stub.h **** #define _NUCLEI_SYS_STUB_H
   4:./../../firmware/RISCV/stubs/stub.h **** 
   5:./../../firmware/RISCV/stubs/stub.h **** #include <stdint.h>
   6:./../../firmware/RISCV/stubs/stub.h **** #if   defined (__GNUC__)
   7:./../../firmware/RISCV/stubs/stub.h **** #include <unistd.h>
   8:./../../firmware/RISCV/stubs/stub.h **** #endif
   9:./../../firmware/RISCV/stubs/stub.h **** 
  10:./../../firmware/RISCV/stubs/stub.h **** void write_hex(int fd, unsigned long int hex);
  11:./../../firmware/RISCV/stubs/stub.h **** 
  12:./../../firmware/RISCV/stubs/stub.h **** static inline int _stub(int err)
  13:./../../firmware/RISCV/stubs/stub.h **** {
  14:./../../firmware/RISCV/stubs/stub.h ****   return -1;
  21              		.loc 2 14 3
   9:./../../firmware/RISCV/stubs/close.c **** }
  22              		.loc 1 9 1 is_stmt 0
  23 0000 7D55     		li	a0,-1
  24              	.LVL1:
  25 0002 8280     		ret
  26              		.cfi_endproc
  27              	.LFE1:
  29              		.text
  30              	.Letext0:
  31              		.file 3 "c:\\users\\kasie\\downloads\\toolchain-gd32v-v202-win\\toolchain-gd32v-v202-win\\compiler
  32              		.file 4 "c:\\users\\kasie\\downloads\\toolchain-gd32v-v202-win\\toolchain-gd32v-v202-win\\compiler
  33              		.file 5 "c:\\users\\kasie\\downloads\\toolchain-gd32v-v202-win\\toolchain-gd32v-v202-win\\compiler
  34              		.file 6 "c:\\users\\kasie\\downloads\\toolchain-gd32v-v202-win\\toolchain-gd32v-v202-win\\compiler
  35              		.file 7 "c:\\users\\kasie\\downloads\\toolchain-gd32v-v202-win\\toolchain-gd32v-v202-win\\compiler
  36              		.file 8 "c:\\users\\kasie\\downloads\\toolchain-gd32v-v202-win\\toolchain-gd32v-v202-win\\compiler
GAS LISTING C:\Users\kasie\AppData\Local\Temp\ccRibCsJ.s 			page 2


GAS LISTING C:\Users\kasie\AppData\Local\Temp\ccRibCsJ.s 			page 3


DEFINED SYMBOLS
                            *ABS*:0000000000000000 close.c
C:\Users\kasie\AppData\Local\Temp\ccRibCsJ.s:13     .text._close:0000000000000000 _close
C:\Users\kasie\AppData\Local\Temp\ccRibCsJ.s:17     .text._close:0000000000000000 .L0 
C:\Users\kasie\AppData\Local\Temp\ccRibCsJ.s:19     .text._close:0000000000000000 .L0 
C:\Users\kasie\AppData\Local\Temp\ccRibCsJ.s:21     .text._close:0000000000000000 .L0 
C:\Users\kasie\AppData\Local\Temp\ccRibCsJ.s:22     .text._close:0000000000000000 .L0 
C:\Users\kasie\AppData\Local\Temp\ccRibCsJ.s:23     .text._close:0000000000000000 .L0 
C:\Users\kasie\AppData\Local\Temp\ccRibCsJ.s:26     .text._close:0000000000000004 .L0 
C:\Users\kasie\AppData\Local\Temp\ccRibCsJ.s:29     .text._close:0000000000000004 .L0 
                     .debug_frame:0000000000000000 .L0 
C:\Users\kasie\AppData\Local\Temp\ccRibCsJ.s:1540   .debug_abbrev:0000000000000000 .Ldebug_abbrev0
C:\Users\kasie\AppData\Local\Temp\ccRibCsJ.s:2288   .debug_str:000000000000047f .LASF128
C:\Users\kasie\AppData\Local\Temp\ccRibCsJ.s:2094   .debug_str:0000000000000093 .LASF129
C:\Users\kasie\AppData\Local\Temp\ccRibCsJ.s:2272   .debug_str:00000000000003ea .LASF130
C:\Users\kasie\AppData\Local\Temp\ccRibCsJ.s:2060   .debug_ranges:0000000000000000 .Ldebug_ranges0
C:\Users\kasie\AppData\Local\Temp\ccRibCsJ.s:2066   .debug_line:0000000000000000 .Ldebug_line0
C:\Users\kasie\AppData\Local\Temp\ccRibCsJ.s:2158   .debug_str:00000000000001d6 .LASF0
C:\Users\kasie\AppData\Local\Temp\ccRibCsJ.s:2172   .debug_str:0000000000000219 .LASF1
C:\Users\kasie\AppData\Local\Temp\ccRibCsJ.s:2100   .debug_str:00000000000000cf .LASF2
C:\Users\kasie\AppData\Local\Temp\ccRibCsJ.s:2202   .debug_str:00000000000002a3 .LASF3
C:\Users\kasie\AppData\Local\Temp\ccRibCsJ.s:2186   .debug_str:0000000000000264 .LASF10
C:\Users\kasie\AppData\Local\Temp\ccRibCsJ.s:2102   .debug_str:00000000000000dd .LASF4
C:\Users\kasie\AppData\Local\Temp\ccRibCsJ.s:2220   .debug_str:00000000000002fc .LASF5
C:\Users\kasie\AppData\Local\Temp\ccRibCsJ.s:2226   .debug_str:0000000000000318 .LASF6
C:\Users\kasie\AppData\Local\Temp\ccRibCsJ.s:2118   .debug_str:0000000000000122 .LASF7
C:\Users\kasie\AppData\Local\Temp\ccRibCsJ.s:2166   .debug_str:00000000000001fa .LASF8
C:\Users\kasie\AppData\Local\Temp\ccRibCsJ.s:2084   .debug_str:0000000000000053 .LASF9
C:\Users\kasie\AppData\Local\Temp\ccRibCsJ.s:2214   .debug_str:00000000000002d9 .LASF11
C:\Users\kasie\AppData\Local\Temp\ccRibCsJ.s:2070   .debug_str:000000000000000c .LASF12
C:\Users\kasie\AppData\Local\Temp\ccRibCsJ.s:2308   .debug_str:000000000000055f .LASF13
C:\Users\kasie\AppData\Local\Temp\ccRibCsJ.s:2182   .debug_str:0000000000000256 .LASF14
C:\Users\kasie\AppData\Local\Temp\ccRibCsJ.s:2160   .debug_str:00000000000001e3 .LASF15
C:\Users\kasie\AppData\Local\Temp\ccRibCsJ.s:2264   .debug_str:00000000000003c8 .LASF16
C:\Users\kasie\AppData\Local\Temp\ccRibCsJ.s:2266   .debug_str:00000000000003d0 .LASF17
C:\Users\kasie\AppData\Local\Temp\ccRibCsJ.s:2236   .debug_str:0000000000000340 .LASF18
C:\Users\kasie\AppData\Local\Temp\ccRibCsJ.s:2294   .debug_str:0000000000000515 .LASF19
C:\Users\kasie\AppData\Local\Temp\ccRibCsJ.s:2218   .debug_str:00000000000002ea .LASF20
C:\Users\kasie\AppData\Local\Temp\ccRibCsJ.s:2144   .debug_str:0000000000000199 .LASF21
C:\Users\kasie\AppData\Local\Temp\ccRibCsJ.s:2148   .debug_str:00000000000001aa .LASF26
C:\Users\kasie\AppData\Local\Temp\ccRibCsJ.s:2284   .debug_str:000000000000046c .LASF22
C:\Users\kasie\AppData\Local\Temp\ccRibCsJ.s:2258   .debug_str:00000000000003b3 .LASF23
C:\Users\kasie\AppData\Local\Temp\ccRibCsJ.s:2142   .debug_str:0000000000000193 .LASF24
C:\Users\kasie\AppData\Local\Temp\ccRibCsJ.s:2302   .debug_str:000000000000054a .LASF25
C:\Users\kasie\AppData\Local\Temp\ccRibCsJ.s:2156   .debug_str:00000000000001d1 .LASF27
C:\Users\kasie\AppData\Local\Temp\ccRibCsJ.s:2098   .debug_str:00000000000000c6 .LASF28
C:\Users\kasie\AppData\Local\Temp\ccRibCsJ.s:2278   .debug_str:0000000000000456 .LASF29
C:\Users\kasie\AppData\Local\Temp\ccRibCsJ.s:2108   .debug_str:00000000000000f5 .LASF30
C:\Users\kasie\AppData\Local\Temp\ccRibCsJ.s:2332   .debug_str:00000000000005ca .LASF31
C:\Users\kasie\AppData\Local\Temp\ccRibCsJ.s:2208   .debug_str:00000000000002bd .LASF32
C:\Users\kasie\AppData\Local\Temp\ccRibCsJ.s:2196   .debug_str:0000000000000289 .LASF33
C:\Users\kasie\AppData\Local\Temp\ccRibCsJ.s:2304   .debug_str:000000000000054f .LASF34
C:\Users\kasie\AppData\Local\Temp\ccRibCsJ.s:2228   .debug_str:0000000000000322 .LASF35
C:\Users\kasie\AppData\Local\Temp\ccRibCsJ.s:2318   .debug_str:000000000000058a .LASF36
C:\Users\kasie\AppData\Local\Temp\ccRibCsJ.s:2112   .debug_str:0000000000000104 .LASF37
C:\Users\kasie\AppData\Local\Temp\ccRibCsJ.s:2138   .debug_str:0000000000000186 .LASF38
C:\Users\kasie\AppData\Local\Temp\ccRibCsJ.s:2068   .debug_str:0000000000000000 .LASF39
GAS LISTING C:\Users\kasie\AppData\Local\Temp\ccRibCsJ.s 			page 4


C:\Users\kasie\AppData\Local\Temp\ccRibCsJ.s:2290   .debug_str:0000000000000507 .LASF40
C:\Users\kasie\AppData\Local\Temp\ccRibCsJ.s:2122   .debug_str:0000000000000132 .LASF41
C:\Users\kasie\AppData\Local\Temp\ccRibCsJ.s:2210   .debug_str:00000000000002c6 .LASF42
C:\Users\kasie\AppData\Local\Temp\ccRibCsJ.s:2250   .debug_str:0000000000000383 .LASF43
C:\Users\kasie\AppData\Local\Temp\ccRibCsJ.s:2140   .debug_str:000000000000018e .LASF44
C:\Users\kasie\AppData\Local\Temp\ccRibCsJ.s:2230   .debug_str:000000000000032c .LASF45
C:\Users\kasie\AppData\Local\Temp\ccRibCsJ.s:2106   .debug_str:00000000000000ef .LASF46
C:\Users\kasie\AppData\Local\Temp\ccRibCsJ.s:2072   .debug_str:0000000000000014 .LASF47
C:\Users\kasie\AppData\Local\Temp\ccRibCsJ.s:2238   .debug_str:000000000000034b .LASF48
C:\Users\kasie\AppData\Local\Temp\ccRibCsJ.s:2120   .debug_str:000000000000012b .LASF49
C:\Users\kasie\AppData\Local\Temp\ccRibCsJ.s:2168   .debug_str:000000000000020c .LASF50
C:\Users\kasie\AppData\Local\Temp\ccRibCsJ.s:2086   .debug_str:000000000000006a .LASF51
C:\Users\kasie\AppData\Local\Temp\ccRibCsJ.s:2114   .debug_str:0000000000000112 .LASF52
C:\Users\kasie\AppData\Local\Temp\ccRibCsJ.s:2152   .debug_str:00000000000001c1 .LASF53
C:\Users\kasie\AppData\Local\Temp\ccRibCsJ.s:2194   .debug_str:0000000000000282 .LASF54
C:\Users\kasie\AppData\Local\Temp\ccRibCsJ.s:2268   .debug_str:00000000000003d8 .LASF55
C:\Users\kasie\AppData\Local\Temp\ccRibCsJ.s:2322   .debug_str:00000000000005a4 .LASF56
C:\Users\kasie\AppData\Local\Temp\ccRibCsJ.s:2104   .debug_str:00000000000000e9 .LASF57
C:\Users\kasie\AppData\Local\Temp\ccRibCsJ.s:2314   .debug_str:000000000000057c .LASF58
C:\Users\kasie\AppData\Local\Temp\ccRibCsJ.s:2126   .debug_str:0000000000000141 .LASF59
C:\Users\kasie\AppData\Local\Temp\ccRibCsJ.s:2132   .debug_str:000000000000015f .LASF60
C:\Users\kasie\AppData\Local\Temp\ccRibCsJ.s:2078   .debug_str:000000000000002d .LASF61
C:\Users\kasie\AppData\Local\Temp\ccRibCsJ.s:2188   .debug_str:000000000000026b .LASF62
C:\Users\kasie\AppData\Local\Temp\ccRibCsJ.s:2242   .debug_str:000000000000035d .LASF63
C:\Users\kasie\AppData\Local\Temp\ccRibCsJ.s:2190   .debug_str:0000000000000271 .LASF64
C:\Users\kasie\AppData\Local\Temp\ccRibCsJ.s:2260   .debug_str:00000000000003bb .LASF65
C:\Users\kasie\AppData\Local\Temp\ccRibCsJ.s:2274   .debug_str:000000000000044a .LASF66
C:\Users\kasie\AppData\Local\Temp\ccRibCsJ.s:2124   .debug_str:000000000000013a .LASF67
C:\Users\kasie\AppData\Local\Temp\ccRibCsJ.s:2162   .debug_str:00000000000001ea .LASF68
C:\Users\kasie\AppData\Local\Temp\ccRibCsJ.s:2146   .debug_str:00000000000001a2 .LASF69
C:\Users\kasie\AppData\Local\Temp\ccRibCsJ.s:2248   .debug_str:000000000000037e .LASF70
C:\Users\kasie\AppData\Local\Temp\ccRibCsJ.s:2076   .debug_str:0000000000000022 .LASF71
C:\Users\kasie\AppData\Local\Temp\ccRibCsJ.s:2256   .debug_str:000000000000039a .LASF72
C:\Users\kasie\AppData\Local\Temp\ccRibCsJ.s:2252   .debug_str:0000000000000388 .LASF73
C:\Users\kasie\AppData\Local\Temp\ccRibCsJ.s:2212   .debug_str:00000000000002ce .LASF74
C:\Users\kasie\AppData\Local\Temp\ccRibCsJ.s:2254   .debug_str:0000000000000390 .LASF75
C:\Users\kasie\AppData\Local\Temp\ccRibCsJ.s:2180   .debug_str:000000000000024e .LASF76
C:\Users\kasie\AppData\Local\Temp\ccRibCsJ.s:2154   .debug_str:00000000000001c7 .LASF77
C:\Users\kasie\AppData\Local\Temp\ccRibCsJ.s:2330   .debug_str:00000000000005c5 .LASF78
C:\Users\kasie\AppData\Local\Temp\ccRibCsJ.s:2216   .debug_str:00000000000002e0 .LASF79
C:\Users\kasie\AppData\Local\Temp\ccRibCsJ.s:2164   .debug_str:00000000000001f2 .LASF80
C:\Users\kasie\AppData\Local\Temp\ccRibCsJ.s:2130   .debug_str:0000000000000157 .LASF81
C:\Users\kasie\AppData\Local\Temp\ccRibCsJ.s:2222   .debug_str:000000000000030a .LASF82
C:\Users\kasie\AppData\Local\Temp\ccRibCsJ.s:2174   .debug_str:000000000000022c .LASF83
C:\Users\kasie\AppData\Local\Temp\ccRibCsJ.s:2312   .debug_str:0000000000000572 .LASF84
C:\Users\kasie\AppData\Local\Temp\ccRibCsJ.s:2116   .debug_str:000000000000011a .LASF85
C:\Users\kasie\AppData\Local\Temp\ccRibCsJ.s:2110   .debug_str:00000000000000ff .LASF86
C:\Users\kasie\AppData\Local\Temp\ccRibCsJ.s:2276   .debug_str:0000000000000451 .LASF87
C:\Users\kasie\AppData\Local\Temp\ccRibCsJ.s:2234   .debug_str:0000000000000339 .LASF88
C:\Users\kasie\AppData\Local\Temp\ccRibCsJ.s:2306   .debug_str:0000000000000559 .LASF89
C:\Users\kasie\AppData\Local\Temp\ccRibCsJ.s:2170   .debug_str:0000000000000212 .LASF90
C:\Users\kasie\AppData\Local\Temp\ccRibCsJ.s:2232   .debug_str:0000000000000333 .LASF91
C:\Users\kasie\AppData\Local\Temp\ccRibCsJ.s:2074   .debug_str:000000000000001a .LASF92
C:\Users\kasie\AppData\Local\Temp\ccRibCsJ.s:2262   .debug_str:00000000000003c2 .LASF93
C:\Users\kasie\AppData\Local\Temp\ccRibCsJ.s:2282   .debug_str:0000000000000466 .LASF94
C:\Users\kasie\AppData\Local\Temp\ccRibCsJ.s:2292   .debug_str:0000000000000510 .LASF95
C:\Users\kasie\AppData\Local\Temp\ccRibCsJ.s:2300   .debug_str:000000000000053d .LASF96
GAS LISTING C:\Users\kasie\AppData\Local\Temp\ccRibCsJ.s 			page 5


C:\Users\kasie\AppData\Local\Temp\ccRibCsJ.s:2286   .debug_str:0000000000000472 .LASF97
C:\Users\kasie\AppData\Local\Temp\ccRibCsJ.s:2178   .debug_str:0000000000000241 .LASF98
C:\Users\kasie\AppData\Local\Temp\ccRibCsJ.s:2320   .debug_str:0000000000000595 .LASF99
C:\Users\kasie\AppData\Local\Temp\ccRibCsJ.s:2150   .debug_str:00000000000001b2 .LASF100
C:\Users\kasie\AppData\Local\Temp\ccRibCsJ.s:2244   .debug_str:0000000000000366 .LASF101
C:\Users\kasie\AppData\Local\Temp\ccRibCsJ.s:2324   .debug_str:00000000000005ab .LASF102
C:\Users\kasie\AppData\Local\Temp\ccRibCsJ.s:2246   .debug_str:0000000000000371 .LASF103
C:\Users\kasie\AppData\Local\Temp\ccRibCsJ.s:2328   .debug_str:00000000000005b7 .LASF104
C:\Users\kasie\AppData\Local\Temp\ccRibCsJ.s:2096   .debug_str:00000000000000b8 .LASF105
C:\Users\kasie\AppData\Local\Temp\ccRibCsJ.s:2310   .debug_str:0000000000000568 .LASF106
C:\Users\kasie\AppData\Local\Temp\ccRibCsJ.s:2176   .debug_str:0000000000000235 .LASF107
C:\Users\kasie\AppData\Local\Temp\ccRibCsJ.s:2296   .debug_str:000000000000051d .LASF108
C:\Users\kasie\AppData\Local\Temp\ccRibCsJ.s:2136   .debug_str:0000000000000178 .LASF109
C:\Users\kasie\AppData\Local\Temp\ccRibCsJ.s:2092   .debug_str:0000000000000084 .LASF110
C:\Users\kasie\AppData\Local\Temp\ccRibCsJ.s:2134   .debug_str:0000000000000167 .LASF111
C:\Users\kasie\AppData\Local\Temp\ccRibCsJ.s:2080   .debug_str:0000000000000033 .LASF112
C:\Users\kasie\AppData\Local\Temp\ccRibCsJ.s:2082   .debug_str:0000000000000042 .LASF113
C:\Users\kasie\AppData\Local\Temp\ccRibCsJ.s:2224   .debug_str:000000000000030f .LASF114
C:\Users\kasie\AppData\Local\Temp\ccRibCsJ.s:2206   .debug_str:00000000000002b6 .LASF115
C:\Users\kasie\AppData\Local\Temp\ccRibCsJ.s:2198   .debug_str:0000000000000293 .LASF116
C:\Users\kasie\AppData\Local\Temp\ccRibCsJ.s:2316   .debug_str:0000000000000582 .LASF117
C:\Users\kasie\AppData\Local\Temp\ccRibCsJ.s:2088   .debug_str:0000000000000073 .LASF131
C:\Users\kasie\AppData\Local\Temp\ccRibCsJ.s:2270   .debug_str:00000000000003de .LASF118
C:\Users\kasie\AppData\Local\Temp\ccRibCsJ.s:2298   .debug_str:000000000000052a .LASF119
C:\Users\kasie\AppData\Local\Temp\ccRibCsJ.s:2128   .debug_str:000000000000014a .LASF120
C:\Users\kasie\AppData\Local\Temp\ccRibCsJ.s:2240   .debug_str:0000000000000353 .LASF121
C:\Users\kasie\AppData\Local\Temp\ccRibCsJ.s:2184   .debug_str:000000000000025c .LASF122
C:\Users\kasie\AppData\Local\Temp\ccRibCsJ.s:2200   .debug_str:000000000000029c .LASF123
C:\Users\kasie\AppData\Local\Temp\ccRibCsJ.s:2204   .debug_str:00000000000002af .LASF124
C:\Users\kasie\AppData\Local\Temp\ccRibCsJ.s:2280   .debug_str:000000000000045f .LASF125
C:\Users\kasie\AppData\Local\Temp\ccRibCsJ.s:2326   .debug_str:00000000000005b0 .LASF126
C:\Users\kasie\AppData\Local\Temp\ccRibCsJ.s:2192   .debug_str:0000000000000279 .LASF127
C:\Users\kasie\AppData\Local\Temp\ccRibCsJ.s:14     .text._close:0000000000000000 .LFB1
C:\Users\kasie\AppData\Local\Temp\ccRibCsJ.s:27     .text._close:0000000000000004 .LFE1
C:\Users\kasie\AppData\Local\Temp\ccRibCsJ.s:2033   .debug_loc:0000000000000000 .LLST0
C:\Users\kasie\AppData\Local\Temp\ccRibCsJ.s:2090   .debug_str:000000000000007e .LASF132
C:\Users\kasie\AppData\Local\Temp\ccRibCsJ.s:18     .text._close:0000000000000000 .LVL0
C:\Users\kasie\AppData\Local\Temp\ccRibCsJ.s:24     .text._close:0000000000000002 .LVL1
C:\Users\kasie\AppData\Local\Temp\ccRibCsJ.s:38     .debug_info:0000000000000000 .Ldebug_info0

NO UNDEFINED SYMBOLS
