GAS LISTING C:\Users\kasie\AppData\Local\Temp\ccX7li8W.s 			page 1


   1              		.file	"close.c"
   2              		.option nopic
   3              		.attribute arch, "rv32i2p0_m2p0_a2p0_c2p0"
   4              		.attribute unaligned_access, 0
   5              		.attribute stack_align, 16
   6              		.text
   7              	.Ltext0:
   8              		.cfi_sections	.debug_frame
   9              		.section	.text._close,"ax",@progbits
  10              		.align	1
  11              		.globl	_close
  13              	_close:
  14              	.LFB1:
  15              		.file 1 "./../../firmware/RISCV/stubs/close.c"
   1:./../../firmware/RISCV/stubs/close.c **** /* See LICENSE of license details. */
   2:./../../firmware/RISCV/stubs/close.c **** 
   3:./../../firmware/RISCV/stubs/close.c **** #include <errno.h>
   4:./../../firmware/RISCV/stubs/close.c **** #include "stub.h"
   5:./../../firmware/RISCV/stubs/close.c **** 
   6:./../../firmware/RISCV/stubs/close.c **** int _close(int fd)
   7:./../../firmware/RISCV/stubs/close.c **** {
  16              		.loc 1 7 1
  17              		.cfi_startproc
  18              	.LVL0:
   8:./../../firmware/RISCV/stubs/close.c ****   return _stub(EBADF);
  19              		.loc 1 8 3
  20              		.file 2 "./../../firmware/RISCV/stubs/stub.h"
   1:./../../firmware/RISCV/stubs/stub.h **** /* See LICENSE of license details. */
   2:./../../firmware/RISCV/stubs/stub.h **** #ifndef _NUCLEI_SYS_STUB_H
   3:./../../firmware/RISCV/stubs/stub.h **** #define _NUCLEI_SYS_STUB_H
   4:./../../firmware/RISCV/stubs/stub.h **** 
   5:./../../firmware/RISCV/stubs/stub.h **** #include <stdint.h>
   6:./../../firmware/RISCV/stubs/stub.h **** #if   defined (__GNUC__)
   7:./../../firmware/RISCV/stubs/stub.h **** #include <unistd.h>
   8:./../../firmware/RISCV/stubs/stub.h **** #endif
   9:./../../firmware/RISCV/stubs/stub.h **** 
  10:./../../firmware/RISCV/stubs/stub.h **** void write_hex(int fd, unsigned long int hex);
  11:./../../firmware/RISCV/stubs/stub.h **** 
  12:./../../firmware/RISCV/stubs/stub.h **** static inline int _stub(int err)
  13:./../../firmware/RISCV/stubs/stub.h **** {
  14:./../../firmware/RISCV/stubs/stub.h ****   return -1;
  21              		.loc 2 14 3
   9:./../../firmware/RISCV/stubs/close.c **** }
  22              		.loc 1 9 1 is_stmt 0
  23 0000 7D55     		li	a0,-1
  24              	.LVL1:
  25 0002 8280     		ret
  26              		.cfi_endproc
  27              	.LFE1:
  29              		.text
  30              	.Letext0:
  31              		.file 3 "c:\\hukas\\code\\repositories\\toolchain-gd32v-v202-win\\compiler\\lib\\gcc\\riscv64-unkn
  32              		.file 4 "c:\\hukas\\code\\repositories\\toolchain-gd32v-v202-win\\compiler\\riscv64-unknown-elf\\i
  33              		.file 5 "c:\\hukas\\code\\repositories\\toolchain-gd32v-v202-win\\compiler\\riscv64-unknown-elf\\i
  34              		.file 6 "c:\\hukas\\code\\repositories\\toolchain-gd32v-v202-win\\compiler\\riscv64-unknown-elf\\i
  35              		.file 7 "c:\\hukas\\code\\repositories\\toolchain-gd32v-v202-win\\compiler\\riscv64-unknown-elf\\i
  36              		.file 8 "c:\\hukas\\code\\repositories\\toolchain-gd32v-v202-win\\compiler\\riscv64-unknown-elf\\i
GAS LISTING C:\Users\kasie\AppData\Local\Temp\ccX7li8W.s 			page 2


GAS LISTING C:\Users\kasie\AppData\Local\Temp\ccX7li8W.s 			page 3


DEFINED SYMBOLS
                            *ABS*:0000000000000000 close.c
C:\Users\kasie\AppData\Local\Temp\ccX7li8W.s:13     .text._close:0000000000000000 _close
C:\Users\kasie\AppData\Local\Temp\ccX7li8W.s:17     .text._close:0000000000000000 .L0 
C:\Users\kasie\AppData\Local\Temp\ccX7li8W.s:19     .text._close:0000000000000000 .L0 
C:\Users\kasie\AppData\Local\Temp\ccX7li8W.s:21     .text._close:0000000000000000 .L0 
C:\Users\kasie\AppData\Local\Temp\ccX7li8W.s:22     .text._close:0000000000000000 .L0 
C:\Users\kasie\AppData\Local\Temp\ccX7li8W.s:23     .text._close:0000000000000000 .L0 
C:\Users\kasie\AppData\Local\Temp\ccX7li8W.s:26     .text._close:0000000000000004 .L0 
C:\Users\kasie\AppData\Local\Temp\ccX7li8W.s:29     .text._close:0000000000000004 .L0 
                     .debug_frame:0000000000000000 .L0 
C:\Users\kasie\AppData\Local\Temp\ccX7li8W.s:1540   .debug_abbrev:0000000000000000 .Ldebug_abbrev0
C:\Users\kasie\AppData\Local\Temp\ccX7li8W.s:2288   .debug_str:0000000000000424 .LASF128
C:\Users\kasie\AppData\Local\Temp\ccX7li8W.s:2094   .debug_str:0000000000000090 .LASF129
C:\Users\kasie\AppData\Local\Temp\ccX7li8W.s:2330   .debug_str:000000000000056a .LASF130
C:\Users\kasie\AppData\Local\Temp\ccX7li8W.s:2060   .debug_ranges:0000000000000000 .Ldebug_ranges0
C:\Users\kasie\AppData\Local\Temp\ccX7li8W.s:2066   .debug_line:0000000000000000 .Ldebug_line0
C:\Users\kasie\AppData\Local\Temp\ccX7li8W.s:2158   .debug_str:00000000000001d3 .LASF0
C:\Users\kasie\AppData\Local\Temp\ccX7li8W.s:2172   .debug_str:0000000000000216 .LASF1
C:\Users\kasie\AppData\Local\Temp\ccX7li8W.s:2100   .debug_str:00000000000000cc .LASF2
C:\Users\kasie\AppData\Local\Temp\ccX7li8W.s:2202   .debug_str:00000000000002a0 .LASF3
C:\Users\kasie\AppData\Local\Temp\ccX7li8W.s:2186   .debug_str:0000000000000261 .LASF10
C:\Users\kasie\AppData\Local\Temp\ccX7li8W.s:2102   .debug_str:00000000000000da .LASF4
C:\Users\kasie\AppData\Local\Temp\ccX7li8W.s:2220   .debug_str:00000000000002f9 .LASF5
C:\Users\kasie\AppData\Local\Temp\ccX7li8W.s:2226   .debug_str:0000000000000315 .LASF6
C:\Users\kasie\AppData\Local\Temp\ccX7li8W.s:2118   .debug_str:000000000000011f .LASF7
C:\Users\kasie\AppData\Local\Temp\ccX7li8W.s:2166   .debug_str:00000000000001f7 .LASF8
C:\Users\kasie\AppData\Local\Temp\ccX7li8W.s:2082   .debug_str:000000000000004b .LASF9
C:\Users\kasie\AppData\Local\Temp\ccX7li8W.s:2214   .debug_str:00000000000002d6 .LASF11
C:\Users\kasie\AppData\Local\Temp\ccX7li8W.s:2272   .debug_str:00000000000003e7 .LASF12
C:\Users\kasie\AppData\Local\Temp\ccX7li8W.s:2308   .debug_str:0000000000000504 .LASF13
C:\Users\kasie\AppData\Local\Temp\ccX7li8W.s:2182   .debug_str:0000000000000253 .LASF14
C:\Users\kasie\AppData\Local\Temp\ccX7li8W.s:2160   .debug_str:00000000000001e0 .LASF15
C:\Users\kasie\AppData\Local\Temp\ccX7li8W.s:2264   .debug_str:00000000000003c5 .LASF16
C:\Users\kasie\AppData\Local\Temp\ccX7li8W.s:2266   .debug_str:00000000000003cd .LASF17
C:\Users\kasie\AppData\Local\Temp\ccX7li8W.s:2236   .debug_str:000000000000033d .LASF18
C:\Users\kasie\AppData\Local\Temp\ccX7li8W.s:2294   .debug_str:00000000000004ba .LASF19
C:\Users\kasie\AppData\Local\Temp\ccX7li8W.s:2218   .debug_str:00000000000002e7 .LASF20
C:\Users\kasie\AppData\Local\Temp\ccX7li8W.s:2144   .debug_str:0000000000000196 .LASF21
C:\Users\kasie\AppData\Local\Temp\ccX7li8W.s:2148   .debug_str:00000000000001a7 .LASF26
C:\Users\kasie\AppData\Local\Temp\ccX7li8W.s:2284   .debug_str:0000000000000411 .LASF22
C:\Users\kasie\AppData\Local\Temp\ccX7li8W.s:2258   .debug_str:00000000000003b0 .LASF23
C:\Users\kasie\AppData\Local\Temp\ccX7li8W.s:2142   .debug_str:0000000000000190 .LASF24
C:\Users\kasie\AppData\Local\Temp\ccX7li8W.s:2302   .debug_str:00000000000004ef .LASF25
C:\Users\kasie\AppData\Local\Temp\ccX7li8W.s:2156   .debug_str:00000000000001ce .LASF27
C:\Users\kasie\AppData\Local\Temp\ccX7li8W.s:2098   .debug_str:00000000000000c3 .LASF28
C:\Users\kasie\AppData\Local\Temp\ccX7li8W.s:2278   .debug_str:00000000000003fb .LASF29
C:\Users\kasie\AppData\Local\Temp\ccX7li8W.s:2108   .debug_str:00000000000000f2 .LASF30
C:\Users\kasie\AppData\Local\Temp\ccX7li8W.s:2332   .debug_str:00000000000005bb .LASF31
C:\Users\kasie\AppData\Local\Temp\ccX7li8W.s:2208   .debug_str:00000000000002ba .LASF32
C:\Users\kasie\AppData\Local\Temp\ccX7li8W.s:2196   .debug_str:0000000000000286 .LASF33
C:\Users\kasie\AppData\Local\Temp\ccX7li8W.s:2304   .debug_str:00000000000004f4 .LASF34
C:\Users\kasie\AppData\Local\Temp\ccX7li8W.s:2228   .debug_str:000000000000031f .LASF35
C:\Users\kasie\AppData\Local\Temp\ccX7li8W.s:2318   .debug_str:000000000000052f .LASF36
C:\Users\kasie\AppData\Local\Temp\ccX7li8W.s:2112   .debug_str:0000000000000101 .LASF37
C:\Users\kasie\AppData\Local\Temp\ccX7li8W.s:2138   .debug_str:0000000000000183 .LASF38
C:\Users\kasie\AppData\Local\Temp\ccX7li8W.s:2068   .debug_str:0000000000000000 .LASF39
GAS LISTING C:\Users\kasie\AppData\Local\Temp\ccX7li8W.s 			page 4


C:\Users\kasie\AppData\Local\Temp\ccX7li8W.s:2290   .debug_str:00000000000004ac .LASF40
C:\Users\kasie\AppData\Local\Temp\ccX7li8W.s:2122   .debug_str:000000000000012f .LASF41
C:\Users\kasie\AppData\Local\Temp\ccX7li8W.s:2210   .debug_str:00000000000002c3 .LASF42
C:\Users\kasie\AppData\Local\Temp\ccX7li8W.s:2250   .debug_str:0000000000000380 .LASF43
C:\Users\kasie\AppData\Local\Temp\ccX7li8W.s:2140   .debug_str:000000000000018b .LASF44
C:\Users\kasie\AppData\Local\Temp\ccX7li8W.s:2230   .debug_str:0000000000000329 .LASF45
C:\Users\kasie\AppData\Local\Temp\ccX7li8W.s:2106   .debug_str:00000000000000ec .LASF46
C:\Users\kasie\AppData\Local\Temp\ccX7li8W.s:2070   .debug_str:000000000000000c .LASF47
C:\Users\kasie\AppData\Local\Temp\ccX7li8W.s:2238   .debug_str:0000000000000348 .LASF48
C:\Users\kasie\AppData\Local\Temp\ccX7li8W.s:2120   .debug_str:0000000000000128 .LASF49
C:\Users\kasie\AppData\Local\Temp\ccX7li8W.s:2168   .debug_str:0000000000000209 .LASF50
C:\Users\kasie\AppData\Local\Temp\ccX7li8W.s:2084   .debug_str:0000000000000062 .LASF51
C:\Users\kasie\AppData\Local\Temp\ccX7li8W.s:2114   .debug_str:000000000000010f .LASF52
C:\Users\kasie\AppData\Local\Temp\ccX7li8W.s:2152   .debug_str:00000000000001be .LASF53
C:\Users\kasie\AppData\Local\Temp\ccX7li8W.s:2194   .debug_str:000000000000027f .LASF54
C:\Users\kasie\AppData\Local\Temp\ccX7li8W.s:2268   .debug_str:00000000000003d5 .LASF55
C:\Users\kasie\AppData\Local\Temp\ccX7li8W.s:2322   .debug_str:0000000000000549 .LASF56
C:\Users\kasie\AppData\Local\Temp\ccX7li8W.s:2104   .debug_str:00000000000000e6 .LASF57
C:\Users\kasie\AppData\Local\Temp\ccX7li8W.s:2314   .debug_str:0000000000000521 .LASF58
C:\Users\kasie\AppData\Local\Temp\ccX7li8W.s:2126   .debug_str:000000000000013e .LASF59
C:\Users\kasie\AppData\Local\Temp\ccX7li8W.s:2132   .debug_str:000000000000015c .LASF60
C:\Users\kasie\AppData\Local\Temp\ccX7li8W.s:2076   .debug_str:0000000000000025 .LASF61
C:\Users\kasie\AppData\Local\Temp\ccX7li8W.s:2188   .debug_str:0000000000000268 .LASF62
C:\Users\kasie\AppData\Local\Temp\ccX7li8W.s:2242   .debug_str:000000000000035a .LASF63
C:\Users\kasie\AppData\Local\Temp\ccX7li8W.s:2190   .debug_str:000000000000026e .LASF64
C:\Users\kasie\AppData\Local\Temp\ccX7li8W.s:2260   .debug_str:00000000000003b8 .LASF65
C:\Users\kasie\AppData\Local\Temp\ccX7li8W.s:2274   .debug_str:00000000000003ef .LASF66
C:\Users\kasie\AppData\Local\Temp\ccX7li8W.s:2124   .debug_str:0000000000000137 .LASF67
C:\Users\kasie\AppData\Local\Temp\ccX7li8W.s:2162   .debug_str:00000000000001e7 .LASF68
C:\Users\kasie\AppData\Local\Temp\ccX7li8W.s:2146   .debug_str:000000000000019f .LASF69
C:\Users\kasie\AppData\Local\Temp\ccX7li8W.s:2248   .debug_str:000000000000037b .LASF70
C:\Users\kasie\AppData\Local\Temp\ccX7li8W.s:2074   .debug_str:000000000000001a .LASF71
C:\Users\kasie\AppData\Local\Temp\ccX7li8W.s:2256   .debug_str:0000000000000397 .LASF72
C:\Users\kasie\AppData\Local\Temp\ccX7li8W.s:2252   .debug_str:0000000000000385 .LASF73
C:\Users\kasie\AppData\Local\Temp\ccX7li8W.s:2212   .debug_str:00000000000002cb .LASF74
C:\Users\kasie\AppData\Local\Temp\ccX7li8W.s:2254   .debug_str:000000000000038d .LASF75
C:\Users\kasie\AppData\Local\Temp\ccX7li8W.s:2180   .debug_str:000000000000024b .LASF76
C:\Users\kasie\AppData\Local\Temp\ccX7li8W.s:2154   .debug_str:00000000000001c4 .LASF77
C:\Users\kasie\AppData\Local\Temp\ccX7li8W.s:2086   .debug_str:000000000000006b .LASF78
C:\Users\kasie\AppData\Local\Temp\ccX7li8W.s:2216   .debug_str:00000000000002dd .LASF79
C:\Users\kasie\AppData\Local\Temp\ccX7li8W.s:2164   .debug_str:00000000000001ef .LASF80
C:\Users\kasie\AppData\Local\Temp\ccX7li8W.s:2130   .debug_str:0000000000000154 .LASF81
C:\Users\kasie\AppData\Local\Temp\ccX7li8W.s:2222   .debug_str:0000000000000307 .LASF82
C:\Users\kasie\AppData\Local\Temp\ccX7li8W.s:2174   .debug_str:0000000000000229 .LASF83
C:\Users\kasie\AppData\Local\Temp\ccX7li8W.s:2312   .debug_str:0000000000000517 .LASF84
C:\Users\kasie\AppData\Local\Temp\ccX7li8W.s:2116   .debug_str:0000000000000117 .LASF85
C:\Users\kasie\AppData\Local\Temp\ccX7li8W.s:2110   .debug_str:00000000000000fc .LASF86
C:\Users\kasie\AppData\Local\Temp\ccX7li8W.s:2276   .debug_str:00000000000003f6 .LASF87
C:\Users\kasie\AppData\Local\Temp\ccX7li8W.s:2234   .debug_str:0000000000000336 .LASF88
C:\Users\kasie\AppData\Local\Temp\ccX7li8W.s:2306   .debug_str:00000000000004fe .LASF89
C:\Users\kasie\AppData\Local\Temp\ccX7li8W.s:2170   .debug_str:000000000000020f .LASF90
C:\Users\kasie\AppData\Local\Temp\ccX7li8W.s:2232   .debug_str:0000000000000330 .LASF91
C:\Users\kasie\AppData\Local\Temp\ccX7li8W.s:2072   .debug_str:0000000000000012 .LASF92
C:\Users\kasie\AppData\Local\Temp\ccX7li8W.s:2262   .debug_str:00000000000003bf .LASF93
C:\Users\kasie\AppData\Local\Temp\ccX7li8W.s:2282   .debug_str:000000000000040b .LASF94
C:\Users\kasie\AppData\Local\Temp\ccX7li8W.s:2292   .debug_str:00000000000004b5 .LASF95
C:\Users\kasie\AppData\Local\Temp\ccX7li8W.s:2300   .debug_str:00000000000004e2 .LASF96
GAS LISTING C:\Users\kasie\AppData\Local\Temp\ccX7li8W.s 			page 5


C:\Users\kasie\AppData\Local\Temp\ccX7li8W.s:2286   .debug_str:0000000000000417 .LASF97
C:\Users\kasie\AppData\Local\Temp\ccX7li8W.s:2178   .debug_str:000000000000023e .LASF98
C:\Users\kasie\AppData\Local\Temp\ccX7li8W.s:2320   .debug_str:000000000000053a .LASF99
C:\Users\kasie\AppData\Local\Temp\ccX7li8W.s:2150   .debug_str:00000000000001af .LASF100
C:\Users\kasie\AppData\Local\Temp\ccX7li8W.s:2244   .debug_str:0000000000000363 .LASF101
C:\Users\kasie\AppData\Local\Temp\ccX7li8W.s:2324   .debug_str:0000000000000550 .LASF102
C:\Users\kasie\AppData\Local\Temp\ccX7li8W.s:2246   .debug_str:000000000000036e .LASF103
C:\Users\kasie\AppData\Local\Temp\ccX7li8W.s:2328   .debug_str:000000000000055c .LASF104
C:\Users\kasie\AppData\Local\Temp\ccX7li8W.s:2096   .debug_str:00000000000000b5 .LASF105
C:\Users\kasie\AppData\Local\Temp\ccX7li8W.s:2310   .debug_str:000000000000050d .LASF106
C:\Users\kasie\AppData\Local\Temp\ccX7li8W.s:2176   .debug_str:0000000000000232 .LASF107
C:\Users\kasie\AppData\Local\Temp\ccX7li8W.s:2296   .debug_str:00000000000004c2 .LASF108
C:\Users\kasie\AppData\Local\Temp\ccX7li8W.s:2136   .debug_str:0000000000000175 .LASF109
C:\Users\kasie\AppData\Local\Temp\ccX7li8W.s:2092   .debug_str:0000000000000081 .LASF110
C:\Users\kasie\AppData\Local\Temp\ccX7li8W.s:2134   .debug_str:0000000000000164 .LASF111
C:\Users\kasie\AppData\Local\Temp\ccX7li8W.s:2078   .debug_str:000000000000002b .LASF112
C:\Users\kasie\AppData\Local\Temp\ccX7li8W.s:2080   .debug_str:000000000000003a .LASF113
C:\Users\kasie\AppData\Local\Temp\ccX7li8W.s:2224   .debug_str:000000000000030c .LASF114
C:\Users\kasie\AppData\Local\Temp\ccX7li8W.s:2206   .debug_str:00000000000002b3 .LASF115
C:\Users\kasie\AppData\Local\Temp\ccX7li8W.s:2198   .debug_str:0000000000000290 .LASF116
C:\Users\kasie\AppData\Local\Temp\ccX7li8W.s:2316   .debug_str:0000000000000527 .LASF117
C:\Users\kasie\AppData\Local\Temp\ccX7li8W.s:2088   .debug_str:0000000000000070 .LASF131
C:\Users\kasie\AppData\Local\Temp\ccX7li8W.s:2270   .debug_str:00000000000003db .LASF118
C:\Users\kasie\AppData\Local\Temp\ccX7li8W.s:2298   .debug_str:00000000000004cf .LASF119
C:\Users\kasie\AppData\Local\Temp\ccX7li8W.s:2128   .debug_str:0000000000000147 .LASF120
C:\Users\kasie\AppData\Local\Temp\ccX7li8W.s:2240   .debug_str:0000000000000350 .LASF121
C:\Users\kasie\AppData\Local\Temp\ccX7li8W.s:2184   .debug_str:0000000000000259 .LASF122
C:\Users\kasie\AppData\Local\Temp\ccX7li8W.s:2200   .debug_str:0000000000000299 .LASF123
C:\Users\kasie\AppData\Local\Temp\ccX7li8W.s:2204   .debug_str:00000000000002ac .LASF124
C:\Users\kasie\AppData\Local\Temp\ccX7li8W.s:2280   .debug_str:0000000000000404 .LASF125
C:\Users\kasie\AppData\Local\Temp\ccX7li8W.s:2326   .debug_str:0000000000000555 .LASF126
C:\Users\kasie\AppData\Local\Temp\ccX7li8W.s:2192   .debug_str:0000000000000276 .LASF127
C:\Users\kasie\AppData\Local\Temp\ccX7li8W.s:14     .text._close:0000000000000000 .LFB1
C:\Users\kasie\AppData\Local\Temp\ccX7li8W.s:27     .text._close:0000000000000004 .LFE1
C:\Users\kasie\AppData\Local\Temp\ccX7li8W.s:2033   .debug_loc:0000000000000000 .LLST0
C:\Users\kasie\AppData\Local\Temp\ccX7li8W.s:2090   .debug_str:000000000000007b .LASF132
C:\Users\kasie\AppData\Local\Temp\ccX7li8W.s:18     .text._close:0000000000000000 .LVL0
C:\Users\kasie\AppData\Local\Temp\ccX7li8W.s:24     .text._close:0000000000000002 .LVL1
C:\Users\kasie\AppData\Local\Temp\ccX7li8W.s:38     .debug_info:0000000000000000 .Ldebug_info0

NO UNDEFINED SYMBOLS
