GAS LISTING C:\Users\kasie\AppData\Local\Temp\ccQFfjgm.s 			page 1


   1              		.file	"read.c"
   2              		.option nopic
   3              		.attribute arch, "rv32i2p0_m2p0_a2p0_c2p0"
   4              		.attribute unaligned_access, 0
   5              		.attribute stack_align, 16
   6              		.text
   7              	.Ltext0:
   8              		.cfi_sections	.debug_frame
   9              		.section	.text._read,"ax",@progbits
  10              		.align	1
  11              		.globl	_read
  13              	_read:
  14              	.LFB1:
  15              		.file 1 "./../../firmware/RISCV/stubs/read.c"
   1:./../../firmware/RISCV/stubs/read.c **** /* See LICENSE of license details. */
   2:./../../firmware/RISCV/stubs/read.c **** 
   3:./../../firmware/RISCV/stubs/read.c **** #include <stdint.h>
   4:./../../firmware/RISCV/stubs/read.c **** #include <errno.h>
   5:./../../firmware/RISCV/stubs/read.c **** #include <unistd.h>
   6:./../../firmware/RISCV/stubs/read.c **** #include <sys/types.h>
   7:./../../firmware/RISCV/stubs/read.c **** 
   8:./../../firmware/RISCV/stubs/read.c **** #include "stub.h"
   9:./../../firmware/RISCV/stubs/read.c **** 
  10:./../../firmware/RISCV/stubs/read.c **** ssize_t _read(int fd, void* ptr, size_t len)
  11:./../../firmware/RISCV/stubs/read.c **** {
  16              		.loc 1 11 1
  17              		.cfi_startproc
  18              	.LVL0:
  12:./../../firmware/RISCV/stubs/read.c ****   return _stub(EBADF);
  19              		.loc 1 12 3
  20              		.file 2 "./../../firmware/RISCV/stubs/stub.h"
   1:./../../firmware/RISCV/stubs/stub.h **** /* See LICENSE of license details. */
   2:./../../firmware/RISCV/stubs/stub.h **** #ifndef _NUCLEI_SYS_STUB_H
   3:./../../firmware/RISCV/stubs/stub.h **** #define _NUCLEI_SYS_STUB_H
   4:./../../firmware/RISCV/stubs/stub.h **** 
   5:./../../firmware/RISCV/stubs/stub.h **** #include <stdint.h>
   6:./../../firmware/RISCV/stubs/stub.h **** #if   defined (__GNUC__)
   7:./../../firmware/RISCV/stubs/stub.h **** #include <unistd.h>
   8:./../../firmware/RISCV/stubs/stub.h **** #endif
   9:./../../firmware/RISCV/stubs/stub.h **** 
  10:./../../firmware/RISCV/stubs/stub.h **** void write_hex(int fd, unsigned long int hex);
  11:./../../firmware/RISCV/stubs/stub.h **** 
  12:./../../firmware/RISCV/stubs/stub.h **** static inline int _stub(int err)
  13:./../../firmware/RISCV/stubs/stub.h **** {
  14:./../../firmware/RISCV/stubs/stub.h ****   return -1;
  21              		.loc 2 14 3
  13:./../../firmware/RISCV/stubs/read.c **** }
  22              		.loc 1 13 1 is_stmt 0
  23 0000 7D55     		li	a0,-1
  24              	.LVL1:
  25 0002 8280     		ret
  26              		.cfi_endproc
  27              	.LFE1:
  29              		.text
  30              	.Letext0:
  31              		.file 3 "c:\\hukas\\code\\repositories\\toolchain-gd32v-v202-win\\compiler\\lib\\gcc\\riscv64-unkn
  32              		.file 4 "c:\\hukas\\code\\repositories\\toolchain-gd32v-v202-win\\compiler\\riscv64-unknown-elf\\i
GAS LISTING C:\Users\kasie\AppData\Local\Temp\ccQFfjgm.s 			page 2


  33              		.file 5 "c:\\hukas\\code\\repositories\\toolchain-gd32v-v202-win\\compiler\\riscv64-unknown-elf\\i
  34              		.file 6 "c:\\hukas\\code\\repositories\\toolchain-gd32v-v202-win\\compiler\\riscv64-unknown-elf\\i
  35              		.file 7 "c:\\hukas\\code\\repositories\\toolchain-gd32v-v202-win\\compiler\\riscv64-unknown-elf\\i
  36              		.file 8 "c:\\hukas\\code\\repositories\\toolchain-gd32v-v202-win\\compiler\\riscv64-unknown-elf\\i
  37              		.file 9 "c:\\hukas\\code\\repositories\\toolchain-gd32v-v202-win\\compiler\\riscv64-unknown-elf\\i
GAS LISTING C:\Users\kasie\AppData\Local\Temp\ccQFfjgm.s 			page 3


DEFINED SYMBOLS
                            *ABS*:0000000000000000 read.c
C:\Users\kasie\AppData\Local\Temp\ccQFfjgm.s:13     .text._read:0000000000000000 _read
C:\Users\kasie\AppData\Local\Temp\ccQFfjgm.s:17     .text._read:0000000000000000 .L0 
C:\Users\kasie\AppData\Local\Temp\ccQFfjgm.s:19     .text._read:0000000000000000 .L0 
C:\Users\kasie\AppData\Local\Temp\ccQFfjgm.s:21     .text._read:0000000000000000 .L0 
C:\Users\kasie\AppData\Local\Temp\ccQFfjgm.s:22     .text._read:0000000000000000 .L0 
C:\Users\kasie\AppData\Local\Temp\ccQFfjgm.s:23     .text._read:0000000000000000 .L0 
C:\Users\kasie\AppData\Local\Temp\ccQFfjgm.s:26     .text._read:0000000000000004 .L0 
C:\Users\kasie\AppData\Local\Temp\ccQFfjgm.s:29     .text._read:0000000000000004 .L0 
                     .debug_frame:0000000000000000 .L0 
C:\Users\kasie\AppData\Local\Temp\ccQFfjgm.s:1569   .debug_abbrev:0000000000000000 .Ldebug_abbrev0
C:\Users\kasie\AppData\Local\Temp\ccQFfjgm.s:2338   .debug_str:0000000000000432 .LASF130
C:\Users\kasie\AppData\Local\Temp\ccQFfjgm.s:2144   .debug_str:000000000000009f .LASF131
C:\Users\kasie\AppData\Local\Temp\ccQFfjgm.s:2380   .debug_str:0000000000000578 .LASF132
C:\Users\kasie\AppData\Local\Temp\ccQFfjgm.s:2106   .debug_ranges:0000000000000000 .Ldebug_ranges0
C:\Users\kasie\AppData\Local\Temp\ccQFfjgm.s:2112   .debug_line:0000000000000000 .Ldebug_line0
C:\Users\kasie\AppData\Local\Temp\ccQFfjgm.s:2152   .debug_str:00000000000000e8 .LASF0
C:\Users\kasie\AppData\Local\Temp\ccQFfjgm.s:2270   .debug_str:0000000000000307 .LASF1
C:\Users\kasie\AppData\Local\Temp\ccQFfjgm.s:2276   .debug_str:0000000000000323 .LASF2
C:\Users\kasie\AppData\Local\Temp\ccQFfjgm.s:2222   .debug_str:0000000000000224 .LASF3
C:\Users\kasie\AppData\Local\Temp\ccQFfjgm.s:2168   .debug_str:000000000000012d .LASF4
C:\Users\kasie\AppData\Local\Temp\ccQFfjgm.s:2216   .debug_str:0000000000000205 .LASF5
C:\Users\kasie\AppData\Local\Temp\ccQFfjgm.s:2150   .debug_str:00000000000000da .LASF6
C:\Users\kasie\AppData\Local\Temp\ccQFfjgm.s:2132   .debug_str:000000000000005a .LASF7
C:\Users\kasie\AppData\Local\Temp\ccQFfjgm.s:2208   .debug_str:00000000000001e1 .LASF8
C:\Users\kasie\AppData\Local\Temp\ccQFfjgm.s:2118   .debug_str:0000000000000012 .LASF10
C:\Users\kasie\AppData\Local\Temp\ccQFfjgm.s:2252   .debug_str:00000000000002ae .LASF9
C:\Users\kasie\AppData\Local\Temp\ccQFfjgm.s:2236   .debug_str:000000000000026f .LASF11
C:\Users\kasie\AppData\Local\Temp\ccQFfjgm.s:2264   .debug_str:00000000000002e4 .LASF12
C:\Users\kasie\AppData\Local\Temp\ccQFfjgm.s:2322   .debug_str:00000000000003f5 .LASF13
C:\Users\kasie\AppData\Local\Temp\ccQFfjgm.s:2358   .debug_str:0000000000000512 .LASF14
C:\Users\kasie\AppData\Local\Temp\ccQFfjgm.s:2232   .debug_str:0000000000000261 .LASF15
C:\Users\kasie\AppData\Local\Temp\ccQFfjgm.s:2210   .debug_str:00000000000001ee .LASF16
C:\Users\kasie\AppData\Local\Temp\ccQFfjgm.s:2314   .debug_str:00000000000003d3 .LASF17
C:\Users\kasie\AppData\Local\Temp\ccQFfjgm.s:2316   .debug_str:00000000000003db .LASF18
C:\Users\kasie\AppData\Local\Temp\ccQFfjgm.s:2286   .debug_str:000000000000034b .LASF19
C:\Users\kasie\AppData\Local\Temp\ccQFfjgm.s:2344   .debug_str:00000000000004c8 .LASF20
C:\Users\kasie\AppData\Local\Temp\ccQFfjgm.s:2268   .debug_str:00000000000002f5 .LASF21
C:\Users\kasie\AppData\Local\Temp\ccQFfjgm.s:2194   .debug_str:00000000000001a4 .LASF22
C:\Users\kasie\AppData\Local\Temp\ccQFfjgm.s:2198   .debug_str:00000000000001b5 .LASF27
C:\Users\kasie\AppData\Local\Temp\ccQFfjgm.s:2334   .debug_str:000000000000041f .LASF23
C:\Users\kasie\AppData\Local\Temp\ccQFfjgm.s:2308   .debug_str:00000000000003be .LASF24
C:\Users\kasie\AppData\Local\Temp\ccQFfjgm.s:2192   .debug_str:000000000000019e .LASF25
C:\Users\kasie\AppData\Local\Temp\ccQFfjgm.s:2352   .debug_str:00000000000004fd .LASF26
C:\Users\kasie\AppData\Local\Temp\ccQFfjgm.s:2206   .debug_str:00000000000001dc .LASF28
C:\Users\kasie\AppData\Local\Temp\ccQFfjgm.s:2148   .debug_str:00000000000000d1 .LASF29
C:\Users\kasie\AppData\Local\Temp\ccQFfjgm.s:2328   .debug_str:0000000000000409 .LASF30
C:\Users\kasie\AppData\Local\Temp\ccQFfjgm.s:2158   .debug_str:0000000000000100 .LASF31
C:\Users\kasie\AppData\Local\Temp\ccQFfjgm.s:2382   .debug_str:00000000000005c9 .LASF32
C:\Users\kasie\AppData\Local\Temp\ccQFfjgm.s:2258   .debug_str:00000000000002c8 .LASF33
C:\Users\kasie\AppData\Local\Temp\ccQFfjgm.s:2246   .debug_str:0000000000000294 .LASF34
C:\Users\kasie\AppData\Local\Temp\ccQFfjgm.s:2354   .debug_str:0000000000000502 .LASF35
C:\Users\kasie\AppData\Local\Temp\ccQFfjgm.s:2278   .debug_str:000000000000032d .LASF36
C:\Users\kasie\AppData\Local\Temp\ccQFfjgm.s:2368   .debug_str:000000000000053d .LASF37
C:\Users\kasie\AppData\Local\Temp\ccQFfjgm.s:2162   .debug_str:000000000000010f .LASF38
C:\Users\kasie\AppData\Local\Temp\ccQFfjgm.s:2188   .debug_str:0000000000000191 .LASF39
GAS LISTING C:\Users\kasie\AppData\Local\Temp\ccQFfjgm.s 			page 4


C:\Users\kasie\AppData\Local\Temp\ccQFfjgm.s:2114   .debug_str:0000000000000000 .LASF40
C:\Users\kasie\AppData\Local\Temp\ccQFfjgm.s:2340   .debug_str:00000000000004ba .LASF41
C:\Users\kasie\AppData\Local\Temp\ccQFfjgm.s:2172   .debug_str:000000000000013d .LASF42
C:\Users\kasie\AppData\Local\Temp\ccQFfjgm.s:2260   .debug_str:00000000000002d1 .LASF43
C:\Users\kasie\AppData\Local\Temp\ccQFfjgm.s:2300   .debug_str:000000000000038e .LASF44
C:\Users\kasie\AppData\Local\Temp\ccQFfjgm.s:2190   .debug_str:0000000000000199 .LASF45
C:\Users\kasie\AppData\Local\Temp\ccQFfjgm.s:2280   .debug_str:0000000000000337 .LASF46
C:\Users\kasie\AppData\Local\Temp\ccQFfjgm.s:2156   .debug_str:00000000000000fa .LASF47
C:\Users\kasie\AppData\Local\Temp\ccQFfjgm.s:2116   .debug_str:000000000000000c .LASF48
C:\Users\kasie\AppData\Local\Temp\ccQFfjgm.s:2288   .debug_str:0000000000000356 .LASF49
C:\Users\kasie\AppData\Local\Temp\ccQFfjgm.s:2170   .debug_str:0000000000000136 .LASF50
C:\Users\kasie\AppData\Local\Temp\ccQFfjgm.s:2218   .debug_str:0000000000000217 .LASF51
C:\Users\kasie\AppData\Local\Temp\ccQFfjgm.s:2134   .debug_str:0000000000000071 .LASF52
C:\Users\kasie\AppData\Local\Temp\ccQFfjgm.s:2164   .debug_str:000000000000011d .LASF53
C:\Users\kasie\AppData\Local\Temp\ccQFfjgm.s:2202   .debug_str:00000000000001cc .LASF54
C:\Users\kasie\AppData\Local\Temp\ccQFfjgm.s:2244   .debug_str:000000000000028d .LASF55
C:\Users\kasie\AppData\Local\Temp\ccQFfjgm.s:2318   .debug_str:00000000000003e3 .LASF56
C:\Users\kasie\AppData\Local\Temp\ccQFfjgm.s:2372   .debug_str:0000000000000557 .LASF57
C:\Users\kasie\AppData\Local\Temp\ccQFfjgm.s:2154   .debug_str:00000000000000f4 .LASF58
C:\Users\kasie\AppData\Local\Temp\ccQFfjgm.s:2364   .debug_str:000000000000052f .LASF59
C:\Users\kasie\AppData\Local\Temp\ccQFfjgm.s:2176   .debug_str:000000000000014c .LASF60
C:\Users\kasie\AppData\Local\Temp\ccQFfjgm.s:2182   .debug_str:000000000000016a .LASF61
C:\Users\kasie\AppData\Local\Temp\ccQFfjgm.s:2126   .debug_str:0000000000000034 .LASF62
C:\Users\kasie\AppData\Local\Temp\ccQFfjgm.s:2238   .debug_str:0000000000000276 .LASF63
C:\Users\kasie\AppData\Local\Temp\ccQFfjgm.s:2292   .debug_str:0000000000000368 .LASF64
C:\Users\kasie\AppData\Local\Temp\ccQFfjgm.s:2240   .debug_str:000000000000027c .LASF65
C:\Users\kasie\AppData\Local\Temp\ccQFfjgm.s:2310   .debug_str:00000000000003c6 .LASF66
C:\Users\kasie\AppData\Local\Temp\ccQFfjgm.s:2324   .debug_str:00000000000003fd .LASF67
C:\Users\kasie\AppData\Local\Temp\ccQFfjgm.s:2174   .debug_str:0000000000000145 .LASF68
C:\Users\kasie\AppData\Local\Temp\ccQFfjgm.s:2212   .debug_str:00000000000001f5 .LASF69
C:\Users\kasie\AppData\Local\Temp\ccQFfjgm.s:2196   .debug_str:00000000000001ad .LASF70
C:\Users\kasie\AppData\Local\Temp\ccQFfjgm.s:2298   .debug_str:0000000000000389 .LASF71
C:\Users\kasie\AppData\Local\Temp\ccQFfjgm.s:2122   .debug_str:0000000000000021 .LASF72
C:\Users\kasie\AppData\Local\Temp\ccQFfjgm.s:2306   .debug_str:00000000000003a5 .LASF73
C:\Users\kasie\AppData\Local\Temp\ccQFfjgm.s:2302   .debug_str:0000000000000393 .LASF74
C:\Users\kasie\AppData\Local\Temp\ccQFfjgm.s:2262   .debug_str:00000000000002d9 .LASF75
C:\Users\kasie\AppData\Local\Temp\ccQFfjgm.s:2304   .debug_str:000000000000039b .LASF76
C:\Users\kasie\AppData\Local\Temp\ccQFfjgm.s:2230   .debug_str:0000000000000259 .LASF77
C:\Users\kasie\AppData\Local\Temp\ccQFfjgm.s:2204   .debug_str:00000000000001d2 .LASF78
C:\Users\kasie\AppData\Local\Temp\ccQFfjgm.s:2136   .debug_str:000000000000007a .LASF79
C:\Users\kasie\AppData\Local\Temp\ccQFfjgm.s:2266   .debug_str:00000000000002eb .LASF80
C:\Users\kasie\AppData\Local\Temp\ccQFfjgm.s:2214   .debug_str:00000000000001fd .LASF81
C:\Users\kasie\AppData\Local\Temp\ccQFfjgm.s:2180   .debug_str:0000000000000162 .LASF82
C:\Users\kasie\AppData\Local\Temp\ccQFfjgm.s:2272   .debug_str:0000000000000315 .LASF83
C:\Users\kasie\AppData\Local\Temp\ccQFfjgm.s:2224   .debug_str:0000000000000237 .LASF84
C:\Users\kasie\AppData\Local\Temp\ccQFfjgm.s:2362   .debug_str:0000000000000525 .LASF85
C:\Users\kasie\AppData\Local\Temp\ccQFfjgm.s:2166   .debug_str:0000000000000125 .LASF86
C:\Users\kasie\AppData\Local\Temp\ccQFfjgm.s:2160   .debug_str:000000000000010a .LASF87
C:\Users\kasie\AppData\Local\Temp\ccQFfjgm.s:2326   .debug_str:0000000000000404 .LASF88
C:\Users\kasie\AppData\Local\Temp\ccQFfjgm.s:2284   .debug_str:0000000000000344 .LASF89
C:\Users\kasie\AppData\Local\Temp\ccQFfjgm.s:2356   .debug_str:000000000000050c .LASF90
C:\Users\kasie\AppData\Local\Temp\ccQFfjgm.s:2220   .debug_str:000000000000021d .LASF91
C:\Users\kasie\AppData\Local\Temp\ccQFfjgm.s:2282   .debug_str:000000000000033e .LASF92
C:\Users\kasie\AppData\Local\Temp\ccQFfjgm.s:2120   .debug_str:0000000000000019 .LASF93
C:\Users\kasie\AppData\Local\Temp\ccQFfjgm.s:2312   .debug_str:00000000000003cd .LASF94
C:\Users\kasie\AppData\Local\Temp\ccQFfjgm.s:2332   .debug_str:0000000000000419 .LASF95
C:\Users\kasie\AppData\Local\Temp\ccQFfjgm.s:2342   .debug_str:00000000000004c3 .LASF96
GAS LISTING C:\Users\kasie\AppData\Local\Temp\ccQFfjgm.s 			page 5


C:\Users\kasie\AppData\Local\Temp\ccQFfjgm.s:2350   .debug_str:00000000000004f0 .LASF97
C:\Users\kasie\AppData\Local\Temp\ccQFfjgm.s:2336   .debug_str:0000000000000425 .LASF98
C:\Users\kasie\AppData\Local\Temp\ccQFfjgm.s:2228   .debug_str:000000000000024c .LASF99
C:\Users\kasie\AppData\Local\Temp\ccQFfjgm.s:2370   .debug_str:0000000000000548 .LASF100
C:\Users\kasie\AppData\Local\Temp\ccQFfjgm.s:2200   .debug_str:00000000000001bd .LASF101
C:\Users\kasie\AppData\Local\Temp\ccQFfjgm.s:2294   .debug_str:0000000000000371 .LASF102
C:\Users\kasie\AppData\Local\Temp\ccQFfjgm.s:2374   .debug_str:000000000000055e .LASF103
C:\Users\kasie\AppData\Local\Temp\ccQFfjgm.s:2296   .debug_str:000000000000037c .LASF104
C:\Users\kasie\AppData\Local\Temp\ccQFfjgm.s:2378   .debug_str:000000000000056a .LASF105
C:\Users\kasie\AppData\Local\Temp\ccQFfjgm.s:2146   .debug_str:00000000000000c3 .LASF106
C:\Users\kasie\AppData\Local\Temp\ccQFfjgm.s:2360   .debug_str:000000000000051b .LASF107
C:\Users\kasie\AppData\Local\Temp\ccQFfjgm.s:2226   .debug_str:0000000000000240 .LASF108
C:\Users\kasie\AppData\Local\Temp\ccQFfjgm.s:2346   .debug_str:00000000000004d0 .LASF109
C:\Users\kasie\AppData\Local\Temp\ccQFfjgm.s:2186   .debug_str:0000000000000183 .LASF110
C:\Users\kasie\AppData\Local\Temp\ccQFfjgm.s:2142   .debug_str:0000000000000090 .LASF111
C:\Users\kasie\AppData\Local\Temp\ccQFfjgm.s:2184   .debug_str:0000000000000172 .LASF112
C:\Users\kasie\AppData\Local\Temp\ccQFfjgm.s:2128   .debug_str:000000000000003a .LASF113
C:\Users\kasie\AppData\Local\Temp\ccQFfjgm.s:2130   .debug_str:0000000000000049 .LASF114
C:\Users\kasie\AppData\Local\Temp\ccQFfjgm.s:2274   .debug_str:000000000000031a .LASF115
C:\Users\kasie\AppData\Local\Temp\ccQFfjgm.s:2256   .debug_str:00000000000002c1 .LASF116
C:\Users\kasie\AppData\Local\Temp\ccQFfjgm.s:2248   .debug_str:000000000000029e .LASF117
C:\Users\kasie\AppData\Local\Temp\ccQFfjgm.s:2366   .debug_str:0000000000000535 .LASF118
C:\Users\kasie\AppData\Local\Temp\ccQFfjgm.s:2138   .debug_str:000000000000007f .LASF133
C:\Users\kasie\AppData\Local\Temp\ccQFfjgm.s:2320   .debug_str:00000000000003e9 .LASF119
C:\Users\kasie\AppData\Local\Temp\ccQFfjgm.s:2348   .debug_str:00000000000004dd .LASF120
C:\Users\kasie\AppData\Local\Temp\ccQFfjgm.s:2178   .debug_str:0000000000000155 .LASF121
C:\Users\kasie\AppData\Local\Temp\ccQFfjgm.s:2290   .debug_str:000000000000035e .LASF122
C:\Users\kasie\AppData\Local\Temp\ccQFfjgm.s:2124   .debug_str:000000000000002c .LASF123
C:\Users\kasie\AppData\Local\Temp\ccQFfjgm.s:2234   .debug_str:0000000000000267 .LASF124
C:\Users\kasie\AppData\Local\Temp\ccQFfjgm.s:2250   .debug_str:00000000000002a7 .LASF125
C:\Users\kasie\AppData\Local\Temp\ccQFfjgm.s:2254   .debug_str:00000000000002ba .LASF126
C:\Users\kasie\AppData\Local\Temp\ccQFfjgm.s:2330   .debug_str:0000000000000412 .LASF127
C:\Users\kasie\AppData\Local\Temp\ccQFfjgm.s:2376   .debug_str:0000000000000563 .LASF128
C:\Users\kasie\AppData\Local\Temp\ccQFfjgm.s:2242   .debug_str:0000000000000284 .LASF129
C:\Users\kasie\AppData\Local\Temp\ccQFfjgm.s:14     .text._read:0000000000000000 .LFB1
C:\Users\kasie\AppData\Local\Temp\ccQFfjgm.s:27     .text._read:0000000000000004 .LFE1
C:\Users\kasie\AppData\Local\Temp\ccQFfjgm.s:2079   .debug_loc:0000000000000000 .LLST0
C:\Users\kasie\AppData\Local\Temp\ccQFfjgm.s:2140   .debug_str:000000000000008a .LASF134
C:\Users\kasie\AppData\Local\Temp\ccQFfjgm.s:18     .text._read:0000000000000000 .LVL0
C:\Users\kasie\AppData\Local\Temp\ccQFfjgm.s:24     .text._read:0000000000000002 .LVL1
C:\Users\kasie\AppData\Local\Temp\ccQFfjgm.s:39     .debug_info:0000000000000000 .Ldebug_info0

NO UNDEFINED SYMBOLS
